2021-01-25 15:04:19,284:INFO:PyCaret Supervised Module
2021-01-25 15:04:19,284:INFO:ML Usecase: classification
2021-01-25 15:04:19,284:INFO:version 2.2.3
2021-01-25 15:04:19,284:INFO:Initializing setup()
2021-01-25 15:04:19,284:INFO:setup(target=Purchase, ml_usecase=classification, available_plots={'parameter': 'Hyperparameters', 'auc': 'AUC', 'confusion_matrix': 'Confusion Matrix', 'threshold': 'Threshold', 'pr': 'Precision Recall', 'error': 'Prediction Error', 'class_report': 'Class Report', 'rfe': 'Feature Selection', 'learning': 'Learning Curve', 'manifold': 'Manifold Learning', 'calibration': 'Calibration Curve', 'vc': 'Validation Curve', 'dimension': 'Dimensions', 'feature': 'Feature Importance', 'feature_all': 'Feature Importance (All)', 'boundary': 'Decision Boundary', 'lift': 'Lift Chart', 'gain': 'Gain Chart', 'tree': 'Decision Tree'}, train_size=0.7, test_data=None, preprocess=True, imputation_type=simple, iterative_imputation_iters=5, categorical_features=None, categorical_imputation=constant, categorical_iterative_imputer=lightgbm, ordinal_features=None, high_cardinality_features=None, high_cardinality_method=frequency, numeric_features=None, numeric_imputation=mean, numeric_iterative_imputer=lightgbm, date_features=None, ignore_features=None, normalize=False, normalize_method=zscore, transformation=False, transformation_method=yeo-johnson, handle_unknown_categorical=True, unknown_categorical_method=least_frequent, pca=False, pca_method=linear, pca_components=None, ignore_low_variance=False, combine_rare_levels=False, rare_level_threshold=0.1, bin_numeric_features=None, remove_outliers=False, outliers_threshold=0.05, remove_multicollinearity=False, multicollinearity_threshold=0.9, remove_perfect_collinearity=True, create_clusters=False, cluster_iter=20, polynomial_features=False, polynomial_degree=2, trigonometry_features=False, polynomial_threshold=0.1, group_features=None, group_names=None, feature_selection=False, feature_selection_threshold=0.8, feature_selection_method=classic, feature_interaction=False, feature_ratio=False, interaction_threshold=0.01, fix_imbalance=False, fix_imbalance_method=None, transform_target=False, transform_target_method=box-cox, data_split_shuffle=True, data_split_stratify=False, fold_strategy=stratifiedkfold, fold=10, fold_shuffle=False, fold_groups=None, n_jobs=-1, use_gpu=False, custom_pipeline=None, html=True, session_id=None, log_experiment=False, experiment_name=None, log_plots=False, log_profile=False, log_data=False, silent=False, verbose=True, profile=False, profile_kwargs=None, display=None)
2021-01-25 15:04:19,284:INFO:Checking environment
2021-01-25 15:04:19,284:INFO:python_version: 3.8.5
2021-01-25 15:04:19,284:INFO:python_build: ('default', 'Jul 28 2020 12:59:40')
2021-01-25 15:04:19,284:INFO:machine: x86_64
2021-01-25 15:04:19,294:INFO:platform: Linux-5.8.0-7630-generic-x86_64-with-glibc2.29
2021-01-25 15:04:19,294:INFO:Memory: svmem(total=12337483776, available=7171211264, percent=41.9, used=4232445952, free=3091075072, active=4864397312, inactive=3395588096, buffers=154300416, cached=4859662336, shared=707571712, slab=450859008)
2021-01-25 15:04:19,295:INFO:Physical Core: 4
2021-01-25 15:04:19,295:INFO:Logical Core: 8
2021-01-25 15:04:19,295:INFO:Checking libraries
2021-01-25 15:04:19,295:INFO:pd==1.2.0
2021-01-25 15:04:19,295:INFO:numpy==1.19.5
2021-01-25 15:04:19,295:INFO:sklearn==0.23.2
2021-01-25 15:04:19,303:INFO:xgboost==1.3.3
2021-01-25 15:04:19,303:INFO:lightgbm==3.1.1
2021-01-25 15:04:19,314:INFO:catboost==0.24.4
2021-01-25 15:04:19,595:INFO:mlflow==1.13.1
2021-01-25 15:04:19,595:INFO:Checking Exceptions
2021-01-25 15:04:19,595:INFO:Declaring global variables
2021-01-25 15:04:19,595:INFO:USI: 8307
2021-01-25 15:04:19,595:INFO:pycaret_globals: {'_available_plots', 'log_plots_param', 'y_train', 'y', 'pycaret_globals', 'USI', 'X_train', '_all_metrics', '_ml_usecase', 'X', 'fold_param', 'stratify_param', 'data_before_preprocess', 'fix_imbalance_param', 'fold_shuffle_param', 'experiment__', 'master_model_container', '_all_models', 'transform_target_method_param', 'html_param', '_all_models_internal', 'imputation_classifier', '_gpu_n_jobs_param', 'n_jobs_param', 'imputation_regressor', 'target_param', 'display_container', 'seed', 'gpu_param', 'iterative_imputation_iters_param', '_internal_pipeline', 'transform_target_param', 'fold_groups_param', 'y_test', 'fix_imbalance_method_param', 'prep_pipe', 'create_model_container', 'X_test', 'fold_generator', 'exp_name_log', 'logging_param'}
2021-01-25 15:04:19,595:INFO:Preparing display monitor
2021-01-25 15:04:19,595:INFO:Preparing display monitor
2021-01-25 15:04:19,603:INFO:Importing libraries
2021-01-25 15:04:19,603:INFO:Copying data for preprocessing
2021-01-25 15:04:19,607:INFO:Declaring preprocessing parameters
2021-01-25 15:04:19,608:INFO:Creating preprocessing pipeline
2021-01-25 15:04:19,634:INFO:Preprocessing pipeline created successfully
2021-01-25 15:04:19,635:ERROR:(Process Exit): setup has been interupted with user command 'quit'. setup must rerun.
2021-01-25 15:04:19,635:INFO:Creating global containers
2021-01-25 15:04:19,636:INFO:Internal pipeline: Pipeline(memory=None, steps=[('empty_step', 'passthrough')], verbose=False)
