2021-01-25 15:04:19,284:INFO:PyCaret Supervised Module
2021-01-25 15:04:19,284:INFO:ML Usecase: classification
2021-01-25 15:04:19,284:INFO:version 2.2.3
2021-01-25 15:04:19,284:INFO:Initializing setup()
2021-01-25 15:04:19,284:INFO:setup(target=Purchase, ml_usecase=classification, available_plots={'parameter': 'Hyperparameters', 'auc': 'AUC', 'confusion_matrix': 'Confusion Matrix', 'threshold': 'Threshold', 'pr': 'Precision Recall', 'error': 'Prediction Error', 'class_report': 'Class Report', 'rfe': 'Feature Selection', 'learning': 'Learning Curve', 'manifold': 'Manifold Learning', 'calibration': 'Calibration Curve', 'vc': 'Validation Curve', 'dimension': 'Dimensions', 'feature': 'Feature Importance', 'feature_all': 'Feature Importance (All)', 'boundary': 'Decision Boundary', 'lift': 'Lift Chart', 'gain': 'Gain Chart', 'tree': 'Decision Tree'}, train_size=0.7, test_data=None, preprocess=True, imputation_type=simple, iterative_imputation_iters=5, categorical_features=None, categorical_imputation=constant, categorical_iterative_imputer=lightgbm, ordinal_features=None, high_cardinality_features=None, high_cardinality_method=frequency, numeric_features=None, numeric_imputation=mean, numeric_iterative_imputer=lightgbm, date_features=None, ignore_features=None, normalize=False, normalize_method=zscore, transformation=False, transformation_method=yeo-johnson, handle_unknown_categorical=True, unknown_categorical_method=least_frequent, pca=False, pca_method=linear, pca_components=None, ignore_low_variance=False, combine_rare_levels=False, rare_level_threshold=0.1, bin_numeric_features=None, remove_outliers=False, outliers_threshold=0.05, remove_multicollinearity=False, multicollinearity_threshold=0.9, remove_perfect_collinearity=True, create_clusters=False, cluster_iter=20, polynomial_features=False, polynomial_degree=2, trigonometry_features=False, polynomial_threshold=0.1, group_features=None, group_names=None, feature_selection=False, feature_selection_threshold=0.8, feature_selection_method=classic, feature_interaction=False, feature_ratio=False, interaction_threshold=0.01, fix_imbalance=False, fix_imbalance_method=None, transform_target=False, transform_target_method=box-cox, data_split_shuffle=True, data_split_stratify=False, fold_strategy=stratifiedkfold, fold=10, fold_shuffle=False, fold_groups=None, n_jobs=-1, use_gpu=False, custom_pipeline=None, html=True, session_id=None, log_experiment=False, experiment_name=None, log_plots=False, log_profile=False, log_data=False, silent=False, verbose=True, profile=False, profile_kwargs=None, display=None)
2021-01-25 15:04:19,284:INFO:Checking environment
2021-01-25 15:04:19,284:INFO:python_version: 3.8.5
2021-01-25 15:04:19,284:INFO:python_build: ('default', 'Jul 28 2020 12:59:40')
2021-01-25 15:04:19,284:INFO:machine: x86_64
2021-01-25 15:04:19,294:INFO:platform: Linux-5.8.0-7630-generic-x86_64-with-glibc2.29
2021-01-25 15:04:19,294:INFO:Memory: svmem(total=12337483776, available=7171211264, percent=41.9, used=4232445952, free=3091075072, active=4864397312, inactive=3395588096, buffers=154300416, cached=4859662336, shared=707571712, slab=450859008)
2021-01-25 15:04:19,295:INFO:Physical Core: 4
2021-01-25 15:04:19,295:INFO:Logical Core: 8
2021-01-25 15:04:19,295:INFO:Checking libraries
2021-01-25 15:04:19,295:INFO:pd==1.2.0
2021-01-25 15:04:19,295:INFO:numpy==1.19.5
2021-01-25 15:04:19,295:INFO:sklearn==0.23.2
2021-01-25 15:04:19,303:INFO:xgboost==1.3.3
2021-01-25 15:04:19,303:INFO:lightgbm==3.1.1
2021-01-25 15:04:19,314:INFO:catboost==0.24.4
2021-01-25 15:04:19,595:INFO:mlflow==1.13.1
2021-01-25 15:04:19,595:INFO:Checking Exceptions
2021-01-25 15:04:19,595:INFO:Declaring global variables
2021-01-25 15:04:19,595:INFO:USI: 8307
2021-01-25 15:04:19,595:INFO:pycaret_globals: {'_available_plots', 'log_plots_param', 'y_train', 'y', 'pycaret_globals', 'USI', 'X_train', '_all_metrics', '_ml_usecase', 'X', 'fold_param', 'stratify_param', 'data_before_preprocess', 'fix_imbalance_param', 'fold_shuffle_param', 'experiment__', 'master_model_container', '_all_models', 'transform_target_method_param', 'html_param', '_all_models_internal', 'imputation_classifier', '_gpu_n_jobs_param', 'n_jobs_param', 'imputation_regressor', 'target_param', 'display_container', 'seed', 'gpu_param', 'iterative_imputation_iters_param', '_internal_pipeline', 'transform_target_param', 'fold_groups_param', 'y_test', 'fix_imbalance_method_param', 'prep_pipe', 'create_model_container', 'X_test', 'fold_generator', 'exp_name_log', 'logging_param'}
2021-01-25 15:04:19,595:INFO:Preparing display monitor
2021-01-25 15:04:19,595:INFO:Preparing display monitor
2021-01-25 15:04:19,603:INFO:Importing libraries
2021-01-25 15:04:19,603:INFO:Copying data for preprocessing
2021-01-25 15:04:19,607:INFO:Declaring preprocessing parameters
2021-01-25 15:04:19,608:INFO:Creating preprocessing pipeline
2021-01-25 15:04:19,634:INFO:Preprocessing pipeline created successfully
2021-01-25 15:04:19,635:ERROR:(Process Exit): setup has been interupted with user command 'quit'. setup must rerun.
2021-01-25 15:04:19,635:INFO:Creating global containers
2021-01-25 15:04:19,636:INFO:Internal pipeline: Pipeline(memory=None, steps=[('empty_step', 'passthrough')], verbose=False)
2021-01-26 16:13:54,642:INFO:PyCaret Supervised Module
2021-01-26 16:13:54,642:INFO:ML Usecase: regression
2021-01-26 16:13:54,642:INFO:version 2.2.3
2021-01-26 16:13:54,642:INFO:Initializing setup()
2021-01-26 16:13:54,642:INFO:setup(target=Purchase, ml_usecase=regression, available_plots={'parameter': 'Hyperparameters', 'residuals': 'Residuals', 'error': 'Prediction Error', 'cooks': 'Cooks Distance', 'rfe': 'Feature Selection', 'learning': 'Learning Curve', 'manifold': 'Manifold Learning', 'vc': 'Validation Curve', 'feature': 'Feature Importance', 'feature_all': 'Feature Importance (All)', 'tree': 'Decision Tree'}, train_size=0.7, test_data=None, preprocess=True, imputation_type=simple, iterative_imputation_iters=5, categorical_features=None, categorical_imputation=constant, categorical_iterative_imputer=lightgbm, ordinal_features=None, high_cardinality_features=None, high_cardinality_method=frequency, numeric_features=None, numeric_imputation=mean, numeric_iterative_imputer=lightgbm, date_features=None, ignore_features=None, normalize=False, normalize_method=zscore, transformation=False, transformation_method=yeo-johnson, handle_unknown_categorical=True, unknown_categorical_method=least_frequent, pca=False, pca_method=linear, pca_components=None, ignore_low_variance=False, combine_rare_levels=False, rare_level_threshold=0.1, bin_numeric_features=None, remove_outliers=False, outliers_threshold=0.05, remove_multicollinearity=False, multicollinearity_threshold=0.9, remove_perfect_collinearity=True, create_clusters=False, cluster_iter=20, polynomial_features=False, polynomial_degree=2, trigonometry_features=False, polynomial_threshold=0.1, group_features=None, group_names=None, feature_selection=False, feature_selection_threshold=0.8, feature_selection_method=classic, feature_interaction=False, feature_ratio=False, interaction_threshold=0.01, fix_imbalance=False, fix_imbalance_method=None, transform_target=False, transform_target_method=box-cox, data_split_shuffle=True, data_split_stratify=False, fold_strategy=kfold, fold=10, fold_shuffle=False, fold_groups=None, n_jobs=-1, use_gpu=False, custom_pipeline=None, html=True, session_id=None, log_experiment=False, experiment_name=None, log_plots=False, log_profile=False, log_data=False, silent=False, verbose=True, profile=False, profile_kwargs=None, display=None)
2021-01-26 16:13:54,643:INFO:Checking environment
2021-01-26 16:13:54,643:INFO:python_version: 3.8.5
2021-01-26 16:13:54,643:INFO:python_build: ('default', 'Jul 28 2020 12:59:40')
2021-01-26 16:13:54,643:INFO:machine: x86_64
2021-01-26 16:13:54,653:INFO:platform: Linux-5.8.0-7630-generic-x86_64-with-glibc2.29
2021-01-26 16:13:54,653:INFO:Memory: svmem(total=12337483776, available=7862112256, percent=36.3, used=3543318528, free=5561577472, active=4212846592, inactive=1636933632, buffers=175153152, cached=3057434624, shared=688054272, slab=340664320)
2021-01-26 16:13:54,654:INFO:Physical Core: 4
2021-01-26 16:13:54,655:INFO:Logical Core: 8
2021-01-26 16:13:54,655:INFO:Checking libraries
2021-01-26 16:13:54,655:INFO:pd==1.2.0
2021-01-26 16:13:54,655:INFO:numpy==1.19.5
2021-01-26 16:13:54,655:INFO:sklearn==0.23.2
2021-01-26 16:13:54,682:INFO:xgboost==1.3.3
2021-01-26 16:13:54,682:INFO:lightgbm==3.1.1
2021-01-26 16:13:54,754:INFO:catboost==0.24.4
2021-01-26 16:13:55,093:INFO:mlflow==1.13.1
2021-01-26 16:13:55,093:INFO:Checking Exceptions
2021-01-26 16:13:55,093:INFO:Declaring global variables
2021-01-26 16:13:55,093:INFO:USI: a94b
2021-01-26 16:13:55,093:INFO:pycaret_globals: {'gpu_param', 'transform_target_param', '_all_models', 'html_param', '_ml_usecase', 'log_plots_param', 'iterative_imputation_iters_param', 'fold_shuffle_param', 'create_model_container', 'y', '_all_models_internal', 'logging_param', 'X_test', 'imputation_regressor', 'data_before_preprocess', 'exp_name_log', '_available_plots', 'experiment__', 'stratify_param', 'fold_generator', 'y_train', '_gpu_n_jobs_param', 'fold_param', 'prep_pipe', 'pycaret_globals', 'imputation_classifier', 'X', 'n_jobs_param', 'master_model_container', 'USI', 'fix_imbalance_param', 'X_train', 'transform_target_method_param', 'y_test', 'display_container', 'target_param', 'seed', '_internal_pipeline', '_all_metrics', 'fold_groups_param', 'fix_imbalance_method_param'}
2021-01-26 16:13:55,093:INFO:Preparing display monitor
2021-01-26 16:13:55,093:INFO:Preparing display monitor
2021-01-26 16:13:55,099:INFO:Importing libraries
2021-01-26 16:13:55,099:INFO:Copying data for preprocessing
2021-01-26 16:13:55,102:INFO:Declaring preprocessing parameters
2021-01-26 16:13:55,103:INFO:Creating preprocessing pipeline
2021-01-26 16:13:55,120:INFO:Preprocessing pipeline created successfully
2021-01-26 16:13:55,120:ERROR:(Process Exit): setup has been interupted with user command 'quit'. setup must rerun.
2021-01-26 16:13:55,120:INFO:Creating global containers
2021-01-26 16:13:55,121:INFO:Internal pipeline: Pipeline(memory=None, steps=[('empty_step', 'passthrough')], verbose=False)
2021-01-26 16:14:37,745:INFO:Creating grid variables
2021-01-26 16:14:37,748:INFO:create_model_container: 0
2021-01-26 16:14:37,748:INFO:master_model_container: 0
2021-01-26 16:14:37,748:INFO:display_container: 1
2021-01-26 16:14:37,751:INFO:Pipeline(memory=None,
         steps=[('dtypes',
                 DataTypes_Auto_infer(categorical_features=[],
                                      display_types=True, features_todrop=[],
                                      id_columns=[], ml_usecase='regression',
                                      numerical_features=[], target='Purchase',
                                      time_features=[])),
                ('imputer',
                 Simple_Imputer(categorical_strategy='not_available',
                                fill_value_categorical=None,
                                fill_value_numerical=None,
                                numeric_strateg...
                ('scaling', 'passthrough'), ('P_transform', 'passthrough'),
                ('binn', 'passthrough'), ('rem_outliers', 'passthrough'),
                ('cluster_all', 'passthrough'),
                ('dummy', Dummify(target='Purchase')),
                ('fix_perfect', Remove_100(target='Purchase')),
                ('clean_names', Clean_Colum_Names()),
                ('feature_select', 'passthrough'), ('fix_multi', 'passthrough'),
                ('dfs', 'passthrough'), ('pca', 'passthrough')],
         verbose=False)
2021-01-26 16:14:37,751:INFO:setup() succesfully completed......................................
2021-01-26 16:14:37,817:INFO:Initializing create_model()
2021-01-26 16:14:37,817:INFO:create_model(estimator=lr, fold=None, round=4, cross_validation=True, predict=True, fit_kwargs=None, groups=None, refit=True, verbose=True, system=True, metrics=None, display=None, kwargs={})
2021-01-26 16:14:37,817:INFO:Checking exceptions
2021-01-26 16:14:37,817:INFO:Preparing display monitor
2021-01-26 16:14:37,826:INFO:Importing libraries
2021-01-26 16:14:37,826:INFO:Copying training dataset
2021-01-26 16:14:37,827:INFO:Defining folds
2021-01-26 16:14:37,827:INFO:Declaring metric variables
2021-01-26 16:14:37,835:INFO:Importing untrained model
2021-01-26 16:14:37,844:INFO:Linear Regression Imported succesfully
2021-01-26 16:14:37,861:INFO:Starting cross validation
2021-01-26 16:14:37,867:INFO:Cross validating with KFold(n_splits=10, random_state=7220, shuffle=False), n_jobs=-1
2021-01-26 16:14:40,422:INFO:Calculating mean and std
2021-01-26 16:14:40,423:INFO:Creating metrics dataframe
2021-01-26 16:14:40,459:INFO:Finalizing model
2021-01-26 16:22:03,609:INFO:PyCaret Supervised Module
2021-01-26 16:22:03,609:INFO:ML Usecase: regression
2021-01-26 16:22:03,609:INFO:version 2.2.3
2021-01-26 16:22:03,609:INFO:Initializing setup()
2021-01-26 16:22:03,609:INFO:setup(target=index, ml_usecase=regression, available_plots={'parameter': 'Hyperparameters', 'residuals': 'Residuals', 'error': 'Prediction Error', 'cooks': 'Cooks Distance', 'rfe': 'Feature Selection', 'learning': 'Learning Curve', 'manifold': 'Manifold Learning', 'vc': 'Validation Curve', 'feature': 'Feature Importance', 'feature_all': 'Feature Importance (All)', 'tree': 'Decision Tree'}, train_size=0.7, test_data=None, preprocess=True, imputation_type=simple, iterative_imputation_iters=5, categorical_features=None, categorical_imputation=constant, categorical_iterative_imputer=lightgbm, ordinal_features=None, high_cardinality_features=None, high_cardinality_method=frequency, numeric_features=None, numeric_imputation=mean, numeric_iterative_imputer=lightgbm, date_features=None, ignore_features=None, normalize=False, normalize_method=zscore, transformation=False, transformation_method=yeo-johnson, handle_unknown_categorical=True, unknown_categorical_method=least_frequent, pca=False, pca_method=linear, pca_components=None, ignore_low_variance=False, combine_rare_levels=False, rare_level_threshold=0.1, bin_numeric_features=None, remove_outliers=False, outliers_threshold=0.05, remove_multicollinearity=False, multicollinearity_threshold=0.9, remove_perfect_collinearity=True, create_clusters=False, cluster_iter=20, polynomial_features=False, polynomial_degree=2, trigonometry_features=False, polynomial_threshold=0.1, group_features=None, group_names=None, feature_selection=False, feature_selection_threshold=0.8, feature_selection_method=classic, feature_interaction=False, feature_ratio=False, interaction_threshold=0.01, fix_imbalance=False, fix_imbalance_method=None, transform_target=False, transform_target_method=box-cox, data_split_shuffle=True, data_split_stratify=False, fold_strategy=kfold, fold=10, fold_shuffle=False, fold_groups=None, n_jobs=-1, use_gpu=False, custom_pipeline=None, html=True, session_id=None, log_experiment=False, experiment_name=None, log_plots=False, log_profile=False, log_data=False, silent=False, verbose=True, profile=False, profile_kwargs=None, display=None)
2021-01-26 16:22:03,609:INFO:Checking environment
2021-01-26 16:22:03,609:INFO:python_version: 3.8.5
2021-01-26 16:22:03,609:INFO:python_build: ('default', 'Jul 28 2020 12:59:40')
2021-01-26 16:22:03,609:INFO:machine: x86_64
2021-01-26 16:22:03,617:INFO:platform: Linux-5.8.0-7630-generic-x86_64-with-glibc2.29
2021-01-26 16:22:03,618:INFO:Memory: svmem(total=12337483776, available=7774945280, percent=37.0, used=3646672896, free=5428576256, active=4402851840, inactive=1580404736, buffers=177643520, cached=3084591104, shared=672890880, slab=344207360)
2021-01-26 16:22:03,619:INFO:Physical Core: 4
2021-01-26 16:22:03,619:INFO:Logical Core: 8
2021-01-26 16:22:03,619:INFO:Checking libraries
2021-01-26 16:22:03,619:INFO:pd==1.2.0
2021-01-26 16:22:03,619:INFO:numpy==1.19.5
2021-01-26 16:22:03,619:INFO:sklearn==0.23.2
2021-01-26 16:22:03,628:INFO:xgboost==1.3.3
2021-01-26 16:22:03,628:INFO:lightgbm==3.1.1
2021-01-26 16:22:03,637:INFO:catboost==0.24.4
2021-01-26 16:22:03,894:INFO:mlflow==1.13.1
2021-01-26 16:22:03,894:INFO:Checking Exceptions
2021-01-26 16:22:03,894:INFO:Declaring global variables
2021-01-26 16:22:03,894:INFO:USI: a758
2021-01-26 16:22:03,894:INFO:pycaret_globals: {'_all_models', '_internal_pipeline', 'fold_groups_param', 'fix_imbalance_method_param', 'transform_target_method_param', 'X', 'y_train', 'iterative_imputation_iters_param', 'experiment__', '_all_models_internal', 'gpu_param', 'target_param', 'log_plots_param', 'fold_param', 'imputation_regressor', 'fold_shuffle_param', 'fold_generator', '_ml_usecase', 'pycaret_globals', 'transform_target_param', 'USI', 'logging_param', '_gpu_n_jobs_param', 'seed', 'display_container', 'exp_name_log', 'data_before_preprocess', '_available_plots', 'create_model_container', 'prep_pipe', 'n_jobs_param', 'y', 'stratify_param', 'master_model_container', 'fix_imbalance_param', 'html_param', 'X_test', '_all_metrics', 'imputation_classifier', 'X_train', 'y_test'}
2021-01-26 16:22:03,894:INFO:Preparing display monitor
2021-01-26 16:22:03,894:INFO:Preparing display monitor
2021-01-26 16:22:03,903:INFO:Importing libraries
2021-01-26 16:22:03,903:INFO:Copying data for preprocessing
2021-01-26 16:22:03,906:INFO:Declaring preprocessing parameters
2021-01-26 16:22:03,907:INFO:Creating preprocessing pipeline
2021-01-26 16:22:03,913:INFO:Preprocessing pipeline created successfully
2021-01-26 16:22:03,913:ERROR:(Process Exit): setup has been interupted with user command 'quit'. setup must rerun.
2021-01-26 16:22:03,913:INFO:Creating global containers
2021-01-26 16:22:03,914:INFO:Internal pipeline: Pipeline(memory=None, steps=[('empty_step', 'passthrough')], verbose=False)
2021-01-26 16:22:09,475:INFO:Creating grid variables
2021-01-26 16:22:09,478:INFO:create_model_container: 0
2021-01-26 16:22:09,478:INFO:master_model_container: 0
2021-01-26 16:22:09,478:INFO:display_container: 1
2021-01-26 16:22:09,481:INFO:Pipeline(memory=None,
         steps=[('dtypes',
                 DataTypes_Auto_infer(categorical_features=[],
                                      display_types=True, features_todrop=[],
                                      id_columns=[], ml_usecase='regression',
                                      numerical_features=[], target='index',
                                      time_features=[])),
                ('imputer',
                 Simple_Imputer(categorical_strategy='not_available',
                                fill_value_categorical=None,
                                fill_value_numerical=None,
                                numeric_strategy='...
                ('scaling', 'passthrough'), ('P_transform', 'passthrough'),
                ('binn', 'passthrough'), ('rem_outliers', 'passthrough'),
                ('cluster_all', 'passthrough'),
                ('dummy', Dummify(target='index')),
                ('fix_perfect', Remove_100(target='index')),
                ('clean_names', Clean_Colum_Names()),
                ('feature_select', 'passthrough'), ('fix_multi', 'passthrough'),
                ('dfs', 'passthrough'), ('pca', 'passthrough')],
         verbose=False)
2021-01-26 16:22:09,482:INFO:setup() succesfully completed......................................
2021-01-26 16:22:09,542:INFO:Initializing create_model()
2021-01-26 16:22:09,542:INFO:create_model(estimator=lr, fold=None, round=4, cross_validation=True, predict=True, fit_kwargs=None, groups=None, refit=True, verbose=True, system=True, metrics=None, display=None, kwargs={})
2021-01-26 16:22:09,542:INFO:Checking exceptions
2021-01-26 16:22:09,542:INFO:Preparing display monitor
2021-01-26 16:22:09,552:INFO:Importing libraries
2021-01-26 16:22:09,552:INFO:Copying training dataset
2021-01-26 16:22:09,552:INFO:Defining folds
2021-01-26 16:22:09,552:INFO:Declaring metric variables
2021-01-26 16:22:09,561:INFO:Importing untrained model
2021-01-26 16:22:09,568:INFO:Linear Regression Imported succesfully
2021-01-26 16:22:09,584:INFO:Starting cross validation
2021-01-26 16:22:09,587:INFO:Cross validating with KFold(n_splits=10, random_state=8924, shuffle=False), n_jobs=-1
2021-01-26 16:22:11,797:INFO:Calculating mean and std
2021-01-26 16:22:11,797:INFO:Creating metrics dataframe
2021-01-26 16:22:11,808:INFO:Finalizing model
2021-01-26 16:22:11,811:INFO:Uploading results into container
2021-01-26 16:22:11,811:INFO:Uploading model into container now
2021-01-26 16:22:11,812:INFO:create_model_container: 1
2021-01-26 16:22:11,812:INFO:master_model_container: 1
2021-01-26 16:22:11,812:INFO:display_container: 2
2021-01-26 16:22:11,812:INFO:LinearRegression(copy_X=True, fit_intercept=True, n_jobs=-1, normalize=False)
2021-01-26 16:22:11,812:INFO:create_model() succesfully completed......................................
2021-01-26 16:22:11,883:INFO:Initializing plot_model()
2021-01-26 16:22:11,883:INFO:plot_model(plot=auc, fold=None, use_train_data=False, verbose=True, display=None, estimator=LinearRegression(copy_X=True, fit_intercept=True, n_jobs=-1, normalize=False), feature_name=None, fit_kwargs=None, groups=None, label=False, save=False, scale=1, system=True)
2021-01-26 16:22:11,883:INFO:Checking exceptions
2021-01-26 16:24:08,317:INFO:PyCaret Supervised Module
2021-01-26 16:24:08,317:INFO:ML Usecase: regression
2021-01-26 16:24:08,317:INFO:version 2.2.3
2021-01-26 16:24:08,317:INFO:Initializing setup()
2021-01-26 16:24:08,317:INFO:setup(target=index, ml_usecase=regression, available_plots={'parameter': 'Hyperparameters', 'residuals': 'Residuals', 'error': 'Prediction Error', 'cooks': 'Cooks Distance', 'rfe': 'Feature Selection', 'learning': 'Learning Curve', 'manifold': 'Manifold Learning', 'vc': 'Validation Curve', 'feature': 'Feature Importance', 'feature_all': 'Feature Importance (All)', 'tree': 'Decision Tree'}, train_size=0.7, test_data=None, preprocess=True, imputation_type=simple, iterative_imputation_iters=5, categorical_features=None, categorical_imputation=constant, categorical_iterative_imputer=lightgbm, ordinal_features=None, high_cardinality_features=None, high_cardinality_method=frequency, numeric_features=None, numeric_imputation=mean, numeric_iterative_imputer=lightgbm, date_features=None, ignore_features=None, normalize=False, normalize_method=zscore, transformation=False, transformation_method=yeo-johnson, handle_unknown_categorical=True, unknown_categorical_method=least_frequent, pca=False, pca_method=linear, pca_components=None, ignore_low_variance=False, combine_rare_levels=False, rare_level_threshold=0.1, bin_numeric_features=None, remove_outliers=False, outliers_threshold=0.05, remove_multicollinearity=False, multicollinearity_threshold=0.9, remove_perfect_collinearity=True, create_clusters=False, cluster_iter=20, polynomial_features=False, polynomial_degree=2, trigonometry_features=False, polynomial_threshold=0.1, group_features=None, group_names=None, feature_selection=False, feature_selection_threshold=0.8, feature_selection_method=classic, feature_interaction=False, feature_ratio=False, interaction_threshold=0.01, fix_imbalance=False, fix_imbalance_method=None, transform_target=False, transform_target_method=box-cox, data_split_shuffle=True, data_split_stratify=False, fold_strategy=kfold, fold=10, fold_shuffle=False, fold_groups=None, n_jobs=-1, use_gpu=False, custom_pipeline=None, html=True, session_id=None, log_experiment=False, experiment_name=None, log_plots=False, log_profile=False, log_data=False, silent=False, verbose=True, profile=False, profile_kwargs=None, display=None)
2021-01-26 16:24:08,317:INFO:Checking environment
2021-01-26 16:24:08,317:INFO:python_version: 3.8.5
2021-01-26 16:24:08,317:INFO:python_build: ('default', 'Jul 28 2020 12:59:40')
2021-01-26 16:24:08,317:INFO:machine: x86_64
2021-01-26 16:24:08,324:INFO:platform: Linux-5.8.0-7630-generic-x86_64-with-glibc2.29
2021-01-26 16:24:08,324:INFO:Memory: svmem(total=12337483776, available=7778713600, percent=37.0, used=3615727616, free=5428699136, active=4407095296, inactive=1546723328, buffers=178159616, cached=3114897408, shared=700641280, slab=344952832)
2021-01-26 16:24:08,325:INFO:Physical Core: 4
2021-01-26 16:24:08,325:INFO:Logical Core: 8
2021-01-26 16:24:08,325:INFO:Checking libraries
2021-01-26 16:24:08,325:INFO:pd==1.2.0
2021-01-26 16:24:08,325:INFO:numpy==1.19.5
2021-01-26 16:24:08,325:INFO:sklearn==0.23.2
2021-01-26 16:24:08,331:INFO:xgboost==1.3.3
2021-01-26 16:24:08,331:INFO:lightgbm==3.1.1
2021-01-26 16:24:08,339:INFO:catboost==0.24.4
2021-01-26 16:24:08,601:INFO:mlflow==1.13.1
2021-01-26 16:24:08,601:INFO:Checking Exceptions
2021-01-26 16:24:08,601:INFO:Declaring global variables
2021-01-26 16:24:08,601:INFO:USI: 5120
2021-01-26 16:24:08,601:INFO:pycaret_globals: {'_ml_usecase', 'log_plots_param', 'fold_generator', 'fix_imbalance_param', 'X', 'transform_target_method_param', 'pycaret_globals', 'USI', 'logging_param', 'iterative_imputation_iters_param', 'X_test', 'n_jobs_param', 'fold_shuffle_param', 'create_model_container', 'transform_target_param', 'stratify_param', 'experiment__', 'master_model_container', 'data_before_preprocess', '_all_metrics', 'imputation_regressor', 'imputation_classifier', '_all_models_internal', 'display_container', 'gpu_param', '_internal_pipeline', 'seed', 'y', 'fix_imbalance_method_param', 'exp_name_log', 'fold_param', '_available_plots', 'fold_groups_param', 'target_param', '_all_models', '_gpu_n_jobs_param', 'y_train', 'prep_pipe', 'X_train', 'html_param', 'y_test'}
2021-01-26 16:24:08,601:INFO:Preparing display monitor
2021-01-26 16:24:08,601:INFO:Preparing display monitor
2021-01-26 16:24:08,608:INFO:Importing libraries
2021-01-26 16:24:08,608:INFO:Copying data for preprocessing
2021-01-26 16:24:08,611:INFO:Declaring preprocessing parameters
2021-01-26 16:24:08,612:INFO:Creating preprocessing pipeline
2021-01-26 16:24:08,618:INFO:Preprocessing pipeline created successfully
2021-01-26 16:24:08,618:ERROR:(Process Exit): setup has been interupted with user command 'quit'. setup must rerun.
2021-01-26 16:24:08,618:INFO:Creating global containers
2021-01-26 16:24:08,619:INFO:Internal pipeline: Pipeline(memory=None, steps=[('empty_step', 'passthrough')], verbose=False)
2021-01-26 16:24:11,598:INFO:Creating grid variables
2021-01-26 16:24:11,600:INFO:create_model_container: 0
2021-01-26 16:24:11,601:INFO:master_model_container: 0
2021-01-26 16:24:11,601:INFO:display_container: 1
2021-01-26 16:24:11,604:INFO:Pipeline(memory=None,
         steps=[('dtypes',
                 DataTypes_Auto_infer(categorical_features=[],
                                      display_types=True, features_todrop=[],
                                      id_columns=[], ml_usecase='regression',
                                      numerical_features=[], target='index',
                                      time_features=[])),
                ('imputer',
                 Simple_Imputer(categorical_strategy='not_available',
                                fill_value_categorical=None,
                                fill_value_numerical=None,
                                numeric_strategy='...
                ('scaling', 'passthrough'), ('P_transform', 'passthrough'),
                ('binn', 'passthrough'), ('rem_outliers', 'passthrough'),
                ('cluster_all', 'passthrough'),
                ('dummy', Dummify(target='index')),
                ('fix_perfect', Remove_100(target='index')),
                ('clean_names', Clean_Colum_Names()),
                ('feature_select', 'passthrough'), ('fix_multi', 'passthrough'),
                ('dfs', 'passthrough'), ('pca', 'passthrough')],
         verbose=False)
2021-01-26 16:24:11,604:INFO:setup() succesfully completed......................................
2021-01-26 16:24:11,665:INFO:Initializing create_model()
2021-01-26 16:24:11,666:INFO:create_model(estimator=lr, fold=None, round=4, cross_validation=True, predict=True, fit_kwargs=None, groups=None, refit=True, verbose=True, system=True, metrics=None, display=None, kwargs={})
2021-01-26 16:24:11,666:INFO:Checking exceptions
2021-01-26 16:24:11,666:INFO:Preparing display monitor
2021-01-26 16:24:11,675:INFO:Importing libraries
2021-01-26 16:24:11,675:INFO:Copying training dataset
2021-01-26 16:24:11,675:INFO:Defining folds
2021-01-26 16:24:11,675:INFO:Declaring metric variables
2021-01-26 16:24:11,684:INFO:Importing untrained model
2021-01-26 16:24:11,691:INFO:Linear Regression Imported succesfully
2021-01-26 16:24:11,707:INFO:Starting cross validation
2021-01-26 16:24:11,710:INFO:Cross validating with KFold(n_splits=10, random_state=1502, shuffle=False), n_jobs=-1
2021-01-26 16:24:13,962:INFO:Calculating mean and std
2021-01-26 16:24:13,962:INFO:Creating metrics dataframe
2021-01-26 16:24:13,979:INFO:Finalizing model
2021-01-26 16:24:13,984:INFO:Uploading results into container
2021-01-26 16:24:13,984:INFO:Uploading model into container now
2021-01-26 16:24:13,984:INFO:create_model_container: 1
2021-01-26 16:24:13,984:INFO:master_model_container: 1
2021-01-26 16:24:13,984:INFO:display_container: 2
2021-01-26 16:24:13,984:INFO:LinearRegression(copy_X=True, fit_intercept=True, n_jobs=-1, normalize=False)
2021-01-26 16:24:13,984:INFO:create_model() succesfully completed......................................
2021-01-26 16:24:14,060:INFO:Initializing plot_model()
2021-01-26 16:24:14,060:INFO:plot_model(plot=residuals, fold=None, use_train_data=False, verbose=True, display=None, estimator=LinearRegression(copy_X=True, fit_intercept=True, n_jobs=-1, normalize=False), feature_name=None, fit_kwargs=None, groups=None, label=False, save=False, scale=1, system=True)
2021-01-26 16:24:14,060:INFO:Checking exceptions
2021-01-26 16:24:14,060:INFO:Preparing display monitor
2021-01-26 16:24:14,063:INFO:Preloading libraries
2021-01-26 16:24:14,064:INFO:Copying training dataset
2021-01-26 16:24:14,064:INFO:Copying test dataset
2021-01-26 16:24:14,064:INFO:Plot type: residuals
2021-01-26 16:24:14,287:INFO:Fitting Model
2021-01-26 16:25:06,279:INFO:PyCaret Supervised Module
2021-01-26 16:25:06,279:INFO:ML Usecase: regression
2021-01-26 16:25:06,279:INFO:version 2.2.3
2021-01-26 16:25:06,279:INFO:Initializing setup()
2021-01-26 16:25:06,280:INFO:setup(target=hsa-miR-155, ml_usecase=regression, available_plots={'parameter': 'Hyperparameters', 'residuals': 'Residuals', 'error': 'Prediction Error', 'cooks': 'Cooks Distance', 'rfe': 'Feature Selection', 'learning': 'Learning Curve', 'manifold': 'Manifold Learning', 'vc': 'Validation Curve', 'feature': 'Feature Importance', 'feature_all': 'Feature Importance (All)', 'tree': 'Decision Tree'}, train_size=0.7, test_data=None, preprocess=True, imputation_type=simple, iterative_imputation_iters=5, categorical_features=None, categorical_imputation=constant, categorical_iterative_imputer=lightgbm, ordinal_features=None, high_cardinality_features=None, high_cardinality_method=frequency, numeric_features=None, numeric_imputation=mean, numeric_iterative_imputer=lightgbm, date_features=None, ignore_features=None, normalize=False, normalize_method=zscore, transformation=False, transformation_method=yeo-johnson, handle_unknown_categorical=True, unknown_categorical_method=least_frequent, pca=False, pca_method=linear, pca_components=None, ignore_low_variance=False, combine_rare_levels=False, rare_level_threshold=0.1, bin_numeric_features=None, remove_outliers=False, outliers_threshold=0.05, remove_multicollinearity=False, multicollinearity_threshold=0.9, remove_perfect_collinearity=True, create_clusters=False, cluster_iter=20, polynomial_features=False, polynomial_degree=2, trigonometry_features=False, polynomial_threshold=0.1, group_features=None, group_names=None, feature_selection=False, feature_selection_threshold=0.8, feature_selection_method=classic, feature_interaction=False, feature_ratio=False, interaction_threshold=0.01, fix_imbalance=False, fix_imbalance_method=None, transform_target=False, transform_target_method=box-cox, data_split_shuffle=True, data_split_stratify=False, fold_strategy=kfold, fold=10, fold_shuffle=False, fold_groups=None, n_jobs=-1, use_gpu=False, custom_pipeline=None, html=True, session_id=None, log_experiment=False, experiment_name=None, log_plots=False, log_profile=False, log_data=False, silent=False, verbose=True, profile=False, profile_kwargs=None, display=None)
2021-01-26 16:25:06,280:INFO:Checking environment
2021-01-26 16:25:06,280:INFO:python_version: 3.8.5
2021-01-26 16:25:06,280:INFO:python_build: ('default', 'Jul 28 2020 12:59:40')
2021-01-26 16:25:06,280:INFO:machine: x86_64
2021-01-26 16:25:06,287:INFO:platform: Linux-5.8.0-7630-generic-x86_64-with-glibc2.29
2021-01-26 16:25:06,287:INFO:Memory: svmem(total=12337483776, available=7731564544, percent=37.3, used=3661119488, free=5364719616, active=4452450304, inactive=1565970432, buffers=178651136, cached=3132993536, shared=702398464, slab=346214400)
2021-01-26 16:25:06,287:INFO:Physical Core: 4
2021-01-26 16:25:06,288:INFO:Logical Core: 8
2021-01-26 16:25:06,288:INFO:Checking libraries
2021-01-26 16:25:06,288:INFO:pd==1.2.0
2021-01-26 16:25:06,288:INFO:numpy==1.19.5
2021-01-26 16:25:06,288:INFO:sklearn==0.23.2
2021-01-26 16:25:06,295:INFO:xgboost==1.3.3
2021-01-26 16:25:06,295:INFO:lightgbm==3.1.1
2021-01-26 16:25:06,303:INFO:catboost==0.24.4
2021-01-26 16:25:06,562:INFO:mlflow==1.13.1
2021-01-26 16:25:06,562:INFO:Checking Exceptions
2021-01-26 16:25:06,562:INFO:Declaring global variables
2021-01-26 16:25:06,562:INFO:USI: 36de
2021-01-26 16:25:06,562:INFO:pycaret_globals: {'_gpu_n_jobs_param', '_internal_pipeline', 'y', 'data_before_preprocess', 'y_test', 'exp_name_log', 'transform_target_param', 'iterative_imputation_iters_param', 'master_model_container', '_all_metrics', 'transform_target_method_param', 'X', 'fold_groups_param', 'fold_param', '_all_models_internal', 'fold_shuffle_param', 'gpu_param', 'y_train', 'fold_generator', 'X_train', 'logging_param', 'fix_imbalance_method_param', 'n_jobs_param', 'USI', 'fix_imbalance_param', 'prep_pipe', 'imputation_regressor', 'seed', 'target_param', '_available_plots', 'stratify_param', 'experiment__', '_ml_usecase', 'display_container', '_all_models', 'pycaret_globals', 'log_plots_param', 'create_model_container', 'html_param', 'imputation_classifier', 'X_test'}
2021-01-26 16:25:06,563:INFO:Preparing display monitor
2021-01-26 16:25:06,563:INFO:Preparing display monitor
2021-01-26 16:25:06,571:INFO:Importing libraries
2021-01-26 16:25:06,571:INFO:Copying data for preprocessing
2021-01-26 16:25:06,574:INFO:Declaring preprocessing parameters
2021-01-26 16:25:06,575:INFO:Creating preprocessing pipeline
2021-01-26 16:25:06,581:INFO:Preprocessing pipeline created successfully
2021-01-26 16:25:06,581:ERROR:(Process Exit): setup has been interupted with user command 'quit'. setup must rerun.
2021-01-26 16:25:06,581:INFO:Creating global containers
2021-01-26 16:25:06,582:INFO:Internal pipeline: Pipeline(memory=None, steps=[('empty_step', 'passthrough')], verbose=False)
2021-01-26 16:25:14,324:INFO:Creating grid variables
2021-01-26 16:25:14,327:INFO:create_model_container: 0
2021-01-26 16:25:14,327:INFO:master_model_container: 0
2021-01-26 16:25:14,327:INFO:display_container: 1
2021-01-26 16:25:14,331:INFO:Pipeline(memory=None,
         steps=[('dtypes',
                 DataTypes_Auto_infer(categorical_features=[],
                                      display_types=True, features_todrop=[],
                                      id_columns=[], ml_usecase='regression',
                                      numerical_features=[],
                                      target='hsa-miR-155', time_features=[])),
                ('imputer',
                 Simple_Imputer(categorical_strategy='not_available',
                                fill_value_categorical=None,
                                fill_value_numerical=None,
                                numeric_stra...
                ('scaling', 'passthrough'), ('P_transform', 'passthrough'),
                ('binn', 'passthrough'), ('rem_outliers', 'passthrough'),
                ('cluster_all', 'passthrough'),
                ('dummy', Dummify(target='hsa-miR-155')),
                ('fix_perfect', Remove_100(target='hsa-miR-155')),
                ('clean_names', Clean_Colum_Names()),
                ('feature_select', 'passthrough'), ('fix_multi', 'passthrough'),
                ('dfs', 'passthrough'), ('pca', 'passthrough')],
         verbose=False)
2021-01-26 16:25:14,331:INFO:setup() succesfully completed......................................
2021-01-26 16:25:14,391:INFO:Initializing create_model()
2021-01-26 16:25:14,391:INFO:create_model(estimator=lr, fold=None, round=4, cross_validation=True, predict=True, fit_kwargs=None, groups=None, refit=True, verbose=True, system=True, metrics=None, display=None, kwargs={})
2021-01-26 16:25:14,391:INFO:Checking exceptions
2021-01-26 16:25:14,391:INFO:Preparing display monitor
2021-01-26 16:25:14,401:INFO:Importing libraries
2021-01-26 16:25:14,401:INFO:Copying training dataset
2021-01-26 16:25:14,401:INFO:Defining folds
2021-01-26 16:25:14,401:INFO:Declaring metric variables
2021-01-26 16:25:14,408:INFO:Importing untrained model
2021-01-26 16:25:14,418:INFO:Linear Regression Imported succesfully
2021-01-26 16:25:14,435:INFO:Starting cross validation
2021-01-26 16:25:14,438:INFO:Cross validating with KFold(n_splits=10, random_state=3314, shuffle=False), n_jobs=-1
2021-01-26 16:25:16,680:INFO:Calculating mean and std
2021-01-26 16:25:16,681:INFO:Creating metrics dataframe
2021-01-26 16:25:16,697:INFO:Finalizing model
2021-01-26 16:25:16,700:INFO:Uploading results into container
2021-01-26 16:25:16,700:INFO:Uploading model into container now
2021-01-26 16:25:16,701:INFO:create_model_container: 1
2021-01-26 16:25:16,701:INFO:master_model_container: 1
2021-01-26 16:25:16,701:INFO:display_container: 2
2021-01-26 16:25:16,701:INFO:LinearRegression(copy_X=True, fit_intercept=True, n_jobs=-1, normalize=False)
2021-01-26 16:25:16,701:INFO:create_model() succesfully completed......................................
2021-01-26 16:25:16,774:INFO:Initializing plot_model()
2021-01-26 16:25:16,774:INFO:plot_model(plot=residuals, fold=None, use_train_data=False, verbose=True, display=None, estimator=LinearRegression(copy_X=True, fit_intercept=True, n_jobs=-1, normalize=False), feature_name=None, fit_kwargs=None, groups=None, label=False, save=False, scale=1, system=True)
2021-01-26 16:25:16,774:INFO:Checking exceptions
2021-01-26 16:25:16,775:INFO:Preparing display monitor
2021-01-26 16:25:16,778:INFO:Preloading libraries
2021-01-26 16:25:16,778:INFO:Copying training dataset
2021-01-26 16:25:16,779:INFO:Copying test dataset
2021-01-26 16:25:16,779:INFO:Plot type: residuals
2021-01-26 16:25:16,929:INFO:Fitting Model
2021-01-26 16:25:16,949:INFO:Scoring test/hold-out set
2021-01-26 16:25:33,564:INFO:Visual Rendered Successfully
2021-01-26 16:25:33,631:INFO:plot_model() succesfully completed......................................
2021-01-26 16:28:35,087:INFO:PyCaret Supervised Module
2021-01-26 16:28:35,087:INFO:ML Usecase: classification
2021-01-26 16:28:35,087:INFO:version 2.2.3
2021-01-26 16:28:35,087:INFO:Initializing setup()
2021-01-26 16:28:35,087:INFO:setup(target=index, ml_usecase=classification, available_plots={'parameter': 'Hyperparameters', 'auc': 'AUC', 'confusion_matrix': 'Confusion Matrix', 'threshold': 'Threshold', 'pr': 'Precision Recall', 'error': 'Prediction Error', 'class_report': 'Class Report', 'rfe': 'Feature Selection', 'learning': 'Learning Curve', 'manifold': 'Manifold Learning', 'calibration': 'Calibration Curve', 'vc': 'Validation Curve', 'dimension': 'Dimensions', 'feature': 'Feature Importance', 'feature_all': 'Feature Importance (All)', 'boundary': 'Decision Boundary', 'lift': 'Lift Chart', 'gain': 'Gain Chart', 'tree': 'Decision Tree'}, train_size=0.7, test_data=None, preprocess=True, imputation_type=simple, iterative_imputation_iters=5, categorical_features=None, categorical_imputation=constant, categorical_iterative_imputer=lightgbm, ordinal_features=None, high_cardinality_features=None, high_cardinality_method=frequency, numeric_features=None, numeric_imputation=mean, numeric_iterative_imputer=lightgbm, date_features=None, ignore_features=None, normalize=False, normalize_method=zscore, transformation=False, transformation_method=yeo-johnson, handle_unknown_categorical=True, unknown_categorical_method=least_frequent, pca=False, pca_method=linear, pca_components=None, ignore_low_variance=False, combine_rare_levels=False, rare_level_threshold=0.1, bin_numeric_features=None, remove_outliers=False, outliers_threshold=0.05, remove_multicollinearity=False, multicollinearity_threshold=0.9, remove_perfect_collinearity=True, create_clusters=False, cluster_iter=20, polynomial_features=False, polynomial_degree=2, trigonometry_features=False, polynomial_threshold=0.1, group_features=None, group_names=None, feature_selection=False, feature_selection_threshold=0.8, feature_selection_method=classic, feature_interaction=False, feature_ratio=False, interaction_threshold=0.01, fix_imbalance=False, fix_imbalance_method=None, transform_target=False, transform_target_method=box-cox, data_split_shuffle=True, data_split_stratify=False, fold_strategy=stratifiedkfold, fold=10, fold_shuffle=False, fold_groups=None, n_jobs=-1, use_gpu=False, custom_pipeline=None, html=True, session_id=None, log_experiment=False, experiment_name=None, log_plots=False, log_profile=False, log_data=False, silent=False, verbose=True, profile=False, profile_kwargs=None, display=None)
2021-01-26 16:28:35,087:INFO:Checking environment
2021-01-26 16:28:35,087:INFO:python_version: 3.8.5
2021-01-26 16:28:35,087:INFO:python_build: ('default', 'Jul 28 2020 12:59:40')
2021-01-26 16:28:35,087:INFO:machine: x86_64
2021-01-26 16:28:35,094:INFO:platform: Linux-5.8.0-7630-generic-x86_64-with-glibc2.29
2021-01-26 16:28:35,095:INFO:Memory: svmem(total=12337483776, available=7846563840, percent=36.4, used=3584356352, free=5478944768, active=4383125504, inactive=1538912256, buffers=179458048, cached=3094724608, shared=664592384, slab=346537984)
2021-01-26 16:28:35,095:INFO:Physical Core: 4
2021-01-26 16:28:35,096:INFO:Logical Core: 8
2021-01-26 16:28:35,096:INFO:Checking libraries
2021-01-26 16:28:35,096:INFO:pd==1.2.0
2021-01-26 16:28:35,096:INFO:numpy==1.19.5
2021-01-26 16:28:35,096:INFO:sklearn==0.23.2
2021-01-26 16:28:35,103:INFO:xgboost==1.3.3
2021-01-26 16:28:35,103:INFO:lightgbm==3.1.1
2021-01-26 16:28:35,112:INFO:catboost==0.24.4
2021-01-26 16:28:35,360:INFO:mlflow==1.13.1
2021-01-26 16:28:35,361:INFO:Checking Exceptions
2021-01-26 16:28:35,361:INFO:Declaring global variables
2021-01-26 16:28:35,361:INFO:USI: 9365
2021-01-26 16:28:35,361:INFO:pycaret_globals: {'html_param', 'log_plots_param', 'X_test', 'create_model_container', '_ml_usecase', 'imputation_regressor', 'logging_param', '_available_plots', 'exp_name_log', 'imputation_classifier', 'fix_imbalance_method_param', 'USI', 'display_container', 'fix_imbalance_param', 'prep_pipe', 'n_jobs_param', 'data_before_preprocess', '_all_models_internal', 'fold_shuffle_param', 'master_model_container', 'stratify_param', 'y_test', 'fold_param', 'target_param', 'fold_groups_param', 'X', 'transform_target_param', 'gpu_param', 'pycaret_globals', 'y_train', 'transform_target_method_param', '_gpu_n_jobs_param', 'fold_generator', 'seed', 'iterative_imputation_iters_param', 'experiment__', '_internal_pipeline', '_all_metrics', '_all_models', 'y', 'X_train'}
2021-01-26 16:28:35,361:INFO:Preparing display monitor
2021-01-26 16:28:35,361:INFO:Preparing display monitor
2021-01-26 16:28:35,368:INFO:Importing libraries
2021-01-26 16:28:35,368:INFO:Copying data for preprocessing
2021-01-26 16:28:35,371:INFO:Declaring preprocessing parameters
2021-01-26 16:28:35,372:INFO:Creating preprocessing pipeline
2021-01-26 16:28:35,378:INFO:Preprocessing pipeline created successfully
2021-01-26 16:28:35,378:ERROR:(Process Exit): setup has been interupted with user command 'quit'. setup must rerun.
2021-01-26 16:28:35,378:INFO:Creating global containers
2021-01-26 16:28:35,379:INFO:Internal pipeline: Pipeline(memory=None, steps=[('empty_step', 'passthrough')], verbose=False)
2021-01-26 16:28:38,111:INFO:Creating grid variables
2021-01-26 16:28:38,114:INFO:create_model_container: 0
2021-01-26 16:28:38,114:INFO:master_model_container: 0
2021-01-26 16:28:38,114:INFO:display_container: 1
2021-01-26 16:28:38,118:INFO:Pipeline(memory=None,
         steps=[('dtypes',
                 DataTypes_Auto_infer(categorical_features=[],
                                      display_types=True, features_todrop=[],
                                      id_columns=[],
                                      ml_usecase='classification',
                                      numerical_features=[], target='index',
                                      time_features=[])),
                ('imputer',
                 Simple_Imputer(categorical_strategy='not_available',
                                fill_value_categorical=None,
                                fill_value_numerical=None,
                                numeric_strate...
                ('scaling', 'passthrough'), ('P_transform', 'passthrough'),
                ('binn', 'passthrough'), ('rem_outliers', 'passthrough'),
                ('cluster_all', 'passthrough'),
                ('dummy', Dummify(target='index')),
                ('fix_perfect', Remove_100(target='index')),
                ('clean_names', Clean_Colum_Names()),
                ('feature_select', 'passthrough'), ('fix_multi', 'passthrough'),
                ('dfs', 'passthrough'), ('pca', 'passthrough')],
         verbose=False)
2021-01-26 16:28:38,118:INFO:setup() succesfully completed......................................
2021-01-26 16:28:38,179:INFO:Initializing create_model()
2021-01-26 16:28:38,179:INFO:create_model(estimator=lr, fold=None, round=4, cross_validation=True, predict=True, fit_kwargs=None, groups=None, refit=True, verbose=True, system=True, metrics=None, display=None, kwargs={})
2021-01-26 16:28:38,179:INFO:Checking exceptions
2021-01-26 16:28:38,179:INFO:Preparing display monitor
2021-01-26 16:28:38,188:INFO:Importing libraries
2021-01-26 16:28:38,189:INFO:Copying training dataset
2021-01-26 16:28:38,189:INFO:Defining folds
2021-01-26 16:28:38,189:INFO:Declaring metric variables
2021-01-26 16:28:38,195:INFO:Importing untrained model
2021-01-26 16:28:38,204:INFO:Logistic Regression Imported succesfully
2021-01-26 16:28:38,221:INFO:Starting cross validation
2021-01-26 16:28:38,221:INFO:Cross validating with StratifiedKFold(n_splits=10, random_state=520, shuffle=False), n_jobs=-1
2021-01-26 16:28:40,524:INFO:Calculating mean and std
2021-01-26 16:28:40,525:INFO:Creating metrics dataframe
2021-01-26 16:28:40,542:INFO:Finalizing model
2021-01-26 16:28:40,554:INFO:Uploading results into container
2021-01-26 16:28:40,554:INFO:Uploading model into container now
2021-01-26 16:28:40,554:INFO:create_model_container: 1
2021-01-26 16:28:40,554:INFO:master_model_container: 1
2021-01-26 16:28:40,554:INFO:display_container: 2
2021-01-26 16:28:40,555:INFO:LogisticRegression(C=1.0, class_weight=None, dual=False, fit_intercept=True,
                   intercept_scaling=1, l1_ratio=None, max_iter=1000,
                   multi_class='auto', n_jobs=None, penalty='l2',
                   random_state=520, solver='lbfgs', tol=0.0001, verbose=0,
                   warm_start=False)
2021-01-26 16:28:40,555:INFO:create_model() succesfully completed......................................
2021-01-26 16:28:40,622:INFO:Initializing plot_model()
2021-01-26 16:28:40,622:INFO:plot_model(plot=auc, fold=None, use_train_data=False, verbose=True, display=None, estimator=LogisticRegression(C=1.0, class_weight=None, dual=False, fit_intercept=True,
                   intercept_scaling=1, l1_ratio=None, max_iter=1000,
                   multi_class='auto', n_jobs=None, penalty='l2',
                   random_state=520, solver='lbfgs', tol=0.0001, verbose=0,
                   warm_start=False), feature_name=None, fit_kwargs=None, groups=None, label=False, save=False, scale=1, system=True)
2021-01-26 16:28:40,622:INFO:Checking exceptions
2021-01-26 16:28:40,623:INFO:Preparing display monitor
2021-01-26 16:28:40,626:INFO:Preloading libraries
2021-01-26 16:28:40,626:INFO:Copying training dataset
2021-01-26 16:28:40,627:INFO:Copying test dataset
2021-01-26 16:28:40,627:INFO:Plot type: auc
2021-01-26 16:28:40,757:INFO:Fitting Model
2021-01-26 16:28:40,757:INFO:Scoring test/hold-out set
2021-01-26 16:29:04,887:INFO:Visual Rendered Successfully
2021-01-26 16:29:04,957:INFO:plot_model() succesfully completed......................................
2021-01-26 16:29:24,217:INFO:PyCaret Supervised Module
2021-01-26 16:29:24,217:INFO:ML Usecase: classification
2021-01-26 16:29:24,217:INFO:version 2.2.3
2021-01-26 16:29:24,217:INFO:Initializing setup()
2021-01-26 16:29:24,217:INFO:setup(target=hsa-miR-155, ml_usecase=classification, available_plots={'parameter': 'Hyperparameters', 'auc': 'AUC', 'confusion_matrix': 'Confusion Matrix', 'threshold': 'Threshold', 'pr': 'Precision Recall', 'error': 'Prediction Error', 'class_report': 'Class Report', 'rfe': 'Feature Selection', 'learning': 'Learning Curve', 'manifold': 'Manifold Learning', 'calibration': 'Calibration Curve', 'vc': 'Validation Curve', 'dimension': 'Dimensions', 'feature': 'Feature Importance', 'feature_all': 'Feature Importance (All)', 'boundary': 'Decision Boundary', 'lift': 'Lift Chart', 'gain': 'Gain Chart', 'tree': 'Decision Tree'}, train_size=0.7, test_data=None, preprocess=True, imputation_type=simple, iterative_imputation_iters=5, categorical_features=None, categorical_imputation=constant, categorical_iterative_imputer=lightgbm, ordinal_features=None, high_cardinality_features=None, high_cardinality_method=frequency, numeric_features=None, numeric_imputation=mean, numeric_iterative_imputer=lightgbm, date_features=None, ignore_features=None, normalize=False, normalize_method=zscore, transformation=False, transformation_method=yeo-johnson, handle_unknown_categorical=True, unknown_categorical_method=least_frequent, pca=False, pca_method=linear, pca_components=None, ignore_low_variance=False, combine_rare_levels=False, rare_level_threshold=0.1, bin_numeric_features=None, remove_outliers=False, outliers_threshold=0.05, remove_multicollinearity=False, multicollinearity_threshold=0.9, remove_perfect_collinearity=True, create_clusters=False, cluster_iter=20, polynomial_features=False, polynomial_degree=2, trigonometry_features=False, polynomial_threshold=0.1, group_features=None, group_names=None, feature_selection=False, feature_selection_threshold=0.8, feature_selection_method=classic, feature_interaction=False, feature_ratio=False, interaction_threshold=0.01, fix_imbalance=False, fix_imbalance_method=None, transform_target=False, transform_target_method=box-cox, data_split_shuffle=True, data_split_stratify=False, fold_strategy=stratifiedkfold, fold=10, fold_shuffle=False, fold_groups=None, n_jobs=-1, use_gpu=False, custom_pipeline=None, html=True, session_id=None, log_experiment=False, experiment_name=None, log_plots=False, log_profile=False, log_data=False, silent=False, verbose=True, profile=False, profile_kwargs=None, display=None)
2021-01-26 16:29:24,217:INFO:Checking environment
2021-01-26 16:29:24,217:INFO:python_version: 3.8.5
2021-01-26 16:29:24,217:INFO:python_build: ('default', 'Jul 28 2020 12:59:40')
2021-01-26 16:29:24,217:INFO:machine: x86_64
2021-01-26 16:29:24,225:INFO:platform: Linux-5.8.0-7630-generic-x86_64-with-glibc2.29
2021-01-26 16:29:24,225:INFO:Memory: svmem(total=12337483776, available=7848275968, percent=36.4, used=3587997696, free=5479288832, active=4389044224, inactive=1534562304, buffers=179630080, cached=3090567168, shared=659525632, slab=347222016)
2021-01-26 16:29:24,226:INFO:Physical Core: 4
2021-01-26 16:29:24,226:INFO:Logical Core: 8
2021-01-26 16:29:24,226:INFO:Checking libraries
2021-01-26 16:29:24,226:INFO:pd==1.2.0
2021-01-26 16:29:24,226:INFO:numpy==1.19.5
2021-01-26 16:29:24,226:INFO:sklearn==0.23.2
2021-01-26 16:29:24,234:INFO:xgboost==1.3.3
2021-01-26 16:29:24,234:INFO:lightgbm==3.1.1
2021-01-26 16:29:24,243:INFO:catboost==0.24.4
2021-01-26 16:29:24,494:INFO:mlflow==1.13.1
2021-01-26 16:29:24,494:INFO:Checking Exceptions
2021-01-26 16:29:24,495:INFO:Declaring global variables
2021-01-26 16:29:24,495:INFO:USI: ea4d
2021-01-26 16:29:24,495:INFO:pycaret_globals: {'stratify_param', 'data_before_preprocess', 'master_model_container', 'fold_param', 'logging_param', 'display_container', 'experiment__', 'pycaret_globals', 'exp_name_log', '_internal_pipeline', 'y', 'y_test', 'transform_target_param', '_gpu_n_jobs_param', '_all_models_internal', '_all_metrics', 'fix_imbalance_param', 'create_model_container', 'imputation_regressor', 'prep_pipe', 'n_jobs_param', 'X_test', 'gpu_param', 'seed', 'imputation_classifier', 'fold_shuffle_param', 'X', '_ml_usecase', 'USI', 'html_param', 'X_train', 'fold_generator', '_available_plots', '_all_models', 'target_param', 'transform_target_method_param', 'fold_groups_param', 'iterative_imputation_iters_param', 'log_plots_param', 'fix_imbalance_method_param', 'y_train'}
2021-01-26 16:29:24,495:INFO:Preparing display monitor
2021-01-26 16:29:24,495:INFO:Preparing display monitor
2021-01-26 16:29:24,502:INFO:Importing libraries
2021-01-26 16:29:24,502:INFO:Copying data for preprocessing
2021-01-26 16:29:24,505:INFO:Declaring preprocessing parameters
2021-01-26 16:29:24,506:INFO:Creating preprocessing pipeline
2021-01-26 16:29:24,510:INFO:Preprocessing pipeline created successfully
2021-01-26 16:29:24,510:ERROR:(Process Exit): setup has been interupted with user command 'quit'. setup must rerun.
2021-01-26 16:29:24,510:INFO:Creating global containers
2021-01-26 16:29:24,511:INFO:Internal pipeline: Pipeline(memory=None, steps=[('empty_step', 'passthrough')], verbose=False)
2021-01-26 16:29:27,104:INFO:Creating grid variables
2021-01-26 16:29:27,106:INFO:create_model_container: 0
2021-01-26 16:29:27,106:INFO:master_model_container: 0
2021-01-26 16:29:27,106:INFO:display_container: 1
2021-01-26 16:29:27,110:INFO:Pipeline(memory=None,
         steps=[('dtypes',
                 DataTypes_Auto_infer(categorical_features=[],
                                      display_types=True, features_todrop=[],
                                      id_columns=[],
                                      ml_usecase='classification',
                                      numerical_features=[],
                                      target='hsa-miR-155', time_features=[])),
                ('imputer',
                 Simple_Imputer(categorical_strategy='not_available',
                                fill_value_categorical=None,
                                fill_value_numerical=None,
                                numeric_...
                ('scaling', 'passthrough'), ('P_transform', 'passthrough'),
                ('binn', 'passthrough'), ('rem_outliers', 'passthrough'),
                ('cluster_all', 'passthrough'),
                ('dummy', Dummify(target='hsa-miR-155')),
                ('fix_perfect', Remove_100(target='hsa-miR-155')),
                ('clean_names', Clean_Colum_Names()),
                ('feature_select', 'passthrough'), ('fix_multi', 'passthrough'),
                ('dfs', 'passthrough'), ('pca', 'passthrough')],
         verbose=False)
2021-01-26 16:29:27,110:INFO:setup() succesfully completed......................................
2021-01-26 16:29:27,170:INFO:Initializing create_model()
2021-01-26 16:29:27,170:INFO:create_model(estimator=lr, fold=None, round=4, cross_validation=True, predict=True, fit_kwargs=None, groups=None, refit=True, verbose=True, system=True, metrics=None, display=None, kwargs={})
2021-01-26 16:29:27,170:INFO:Checking exceptions
2021-01-26 16:29:27,170:INFO:Preparing display monitor
2021-01-26 16:29:27,179:INFO:Importing libraries
2021-01-26 16:29:27,180:INFO:Copying training dataset
2021-01-26 16:29:27,180:INFO:Defining folds
2021-01-26 16:29:27,180:INFO:Declaring metric variables
2021-01-26 16:29:27,190:INFO:Importing untrained model
2021-01-26 16:29:27,197:INFO:Logistic Regression Imported succesfully
2021-01-26 16:29:27,211:INFO:Starting cross validation
2021-01-26 16:29:27,212:INFO:Cross validating with StratifiedKFold(n_splits=10, random_state=624, shuffle=False), n_jobs=-1
2021-01-26 16:30:39,364:INFO:PyCaret Supervised Module
2021-01-26 16:30:39,365:INFO:ML Usecase: classification
2021-01-26 16:30:39,365:INFO:version 2.2.3
2021-01-26 16:30:39,365:INFO:Initializing setup()
2021-01-26 16:30:39,365:INFO:setup(target=index, ml_usecase=classification, available_plots={'parameter': 'Hyperparameters', 'auc': 'AUC', 'confusion_matrix': 'Confusion Matrix', 'threshold': 'Threshold', 'pr': 'Precision Recall', 'error': 'Prediction Error', 'class_report': 'Class Report', 'rfe': 'Feature Selection', 'learning': 'Learning Curve', 'manifold': 'Manifold Learning', 'calibration': 'Calibration Curve', 'vc': 'Validation Curve', 'dimension': 'Dimensions', 'feature': 'Feature Importance', 'feature_all': 'Feature Importance (All)', 'boundary': 'Decision Boundary', 'lift': 'Lift Chart', 'gain': 'Gain Chart', 'tree': 'Decision Tree'}, train_size=0.7, test_data=None, preprocess=True, imputation_type=simple, iterative_imputation_iters=5, categorical_features=None, categorical_imputation=constant, categorical_iterative_imputer=lightgbm, ordinal_features=None, high_cardinality_features=None, high_cardinality_method=frequency, numeric_features=None, numeric_imputation=mean, numeric_iterative_imputer=lightgbm, date_features=None, ignore_features=None, normalize=False, normalize_method=zscore, transformation=False, transformation_method=yeo-johnson, handle_unknown_categorical=True, unknown_categorical_method=least_frequent, pca=False, pca_method=linear, pca_components=None, ignore_low_variance=False, combine_rare_levels=False, rare_level_threshold=0.1, bin_numeric_features=None, remove_outliers=False, outliers_threshold=0.05, remove_multicollinearity=False, multicollinearity_threshold=0.9, remove_perfect_collinearity=True, create_clusters=False, cluster_iter=20, polynomial_features=False, polynomial_degree=2, trigonometry_features=False, polynomial_threshold=0.1, group_features=None, group_names=None, feature_selection=False, feature_selection_threshold=0.8, feature_selection_method=classic, feature_interaction=False, feature_ratio=False, interaction_threshold=0.01, fix_imbalance=False, fix_imbalance_method=None, transform_target=False, transform_target_method=box-cox, data_split_shuffle=True, data_split_stratify=False, fold_strategy=stratifiedkfold, fold=10, fold_shuffle=False, fold_groups=None, n_jobs=-1, use_gpu=False, custom_pipeline=None, html=True, session_id=None, log_experiment=False, experiment_name=None, log_plots=False, log_profile=False, log_data=False, silent=False, verbose=True, profile=False, profile_kwargs=None, display=None)
2021-01-26 16:30:39,365:INFO:Checking environment
2021-01-26 16:30:39,365:INFO:python_version: 3.8.5
2021-01-26 16:30:39,365:INFO:python_build: ('default', 'Jul 28 2020 12:59:40')
2021-01-26 16:30:39,365:INFO:machine: x86_64
2021-01-26 16:30:39,372:INFO:platform: Linux-5.8.0-7630-generic-x86_64-with-glibc2.29
2021-01-26 16:30:39,372:INFO:Memory: svmem(total=12337483776, available=7836372992, percent=36.5, used=3599425536, free=5466861568, active=4399423488, inactive=1534115840, buffers=179908608, cached=3091288064, shared=660144128, slab=346894336)
2021-01-26 16:30:39,373:INFO:Physical Core: 4
2021-01-26 16:30:39,373:INFO:Logical Core: 8
2021-01-26 16:30:39,373:INFO:Checking libraries
2021-01-26 16:30:39,373:INFO:pd==1.2.0
2021-01-26 16:30:39,373:INFO:numpy==1.19.5
2021-01-26 16:30:39,373:INFO:sklearn==0.23.2
2021-01-26 16:30:39,380:INFO:xgboost==1.3.3
2021-01-26 16:30:39,380:INFO:lightgbm==3.1.1
2021-01-26 16:30:39,388:INFO:catboost==0.24.4
2021-01-26 16:30:39,640:INFO:mlflow==1.13.1
2021-01-26 16:30:39,640:INFO:Checking Exceptions
2021-01-26 16:30:39,640:INFO:Declaring global variables
2021-01-26 16:30:39,640:INFO:USI: 874f
2021-01-26 16:30:39,640:INFO:pycaret_globals: {'master_model_container', 'imputation_regressor', 'X_train', 'transform_target_param', 'USI', 'y_test', '_available_plots', 'X', 'stratify_param', 'n_jobs_param', 'imputation_classifier', '_ml_usecase', 'fold_param', 'target_param', 'prep_pipe', 'y_train', 'display_container', 'experiment__', '_all_models', 'fold_generator', 'y', 'create_model_container', 'data_before_preprocess', 'fold_shuffle_param', 'log_plots_param', 'exp_name_log', 'fold_groups_param', 'fix_imbalance_param', 'transform_target_method_param', 'iterative_imputation_iters_param', 'gpu_param', '_internal_pipeline', 'seed', '_all_metrics', 'logging_param', '_all_models_internal', 'pycaret_globals', 'html_param', 'fix_imbalance_method_param', 'X_test', '_gpu_n_jobs_param'}
2021-01-26 16:30:39,640:INFO:Preparing display monitor
2021-01-26 16:30:39,640:INFO:Preparing display monitor
2021-01-26 16:30:39,648:INFO:Importing libraries
2021-01-26 16:30:39,649:INFO:Copying data for preprocessing
2021-01-26 16:30:39,651:INFO:Declaring preprocessing parameters
2021-01-26 16:30:39,652:INFO:Creating preprocessing pipeline
2021-01-26 16:30:39,654:INFO:Preprocessing pipeline created successfully
2021-01-26 16:30:39,654:ERROR:(Process Exit): setup has been interupted with user command 'quit'. setup must rerun.
2021-01-26 16:30:39,654:INFO:Creating global containers
2021-01-26 16:30:39,655:INFO:Internal pipeline: Pipeline(memory=None, steps=[('empty_step', 'passthrough')], verbose=False)
2021-01-26 16:30:41,845:INFO:Creating grid variables
2021-01-26 16:30:41,847:INFO:create_model_container: 0
2021-01-26 16:30:41,847:INFO:master_model_container: 0
2021-01-26 16:30:41,847:INFO:display_container: 1
2021-01-26 16:30:41,852:INFO:Pipeline(memory=None,
         steps=[('dtypes',
                 DataTypes_Auto_infer(categorical_features=[],
                                      display_types=True, features_todrop=[],
                                      id_columns=[],
                                      ml_usecase='classification',
                                      numerical_features=[], target='index',
                                      time_features=[])),
                ('imputer',
                 Simple_Imputer(categorical_strategy='not_available',
                                fill_value_categorical=None,
                                fill_value_numerical=None,
                                numeric_strate...
                ('scaling', 'passthrough'), ('P_transform', 'passthrough'),
                ('binn', 'passthrough'), ('rem_outliers', 'passthrough'),
                ('cluster_all', 'passthrough'),
                ('dummy', Dummify(target='index')),
                ('fix_perfect', Remove_100(target='index')),
                ('clean_names', Clean_Colum_Names()),
                ('feature_select', 'passthrough'), ('fix_multi', 'passthrough'),
                ('dfs', 'passthrough'), ('pca', 'passthrough')],
         verbose=False)
2021-01-26 16:30:41,852:INFO:setup() succesfully completed......................................
2021-01-26 16:30:41,910:INFO:Initializing create_model()
2021-01-26 16:30:41,910:INFO:create_model(estimator=lr, fold=None, round=4, cross_validation=True, predict=True, fit_kwargs=None, groups=None, refit=True, verbose=True, system=True, metrics=None, display=None, kwargs={})
2021-01-26 16:30:41,910:INFO:Checking exceptions
2021-01-26 16:30:41,910:INFO:Preparing display monitor
2021-01-26 16:30:41,919:INFO:Importing libraries
2021-01-26 16:30:41,919:INFO:Copying training dataset
2021-01-26 16:30:41,920:INFO:Defining folds
2021-01-26 16:30:41,920:INFO:Declaring metric variables
2021-01-26 16:30:41,928:INFO:Importing untrained model
2021-01-26 16:30:41,935:INFO:Logistic Regression Imported succesfully
2021-01-26 16:30:41,950:INFO:Starting cross validation
2021-01-26 16:30:41,950:INFO:Cross validating with StratifiedKFold(n_splits=10, random_state=8781, shuffle=False), n_jobs=-1
2021-01-26 16:30:44,222:INFO:Calculating mean and std
2021-01-26 16:30:44,224:INFO:Creating metrics dataframe
2021-01-26 16:30:44,259:INFO:Finalizing model
2021-01-26 16:30:44,269:INFO:Uploading results into container
2021-01-26 16:30:44,269:INFO:Uploading model into container now
2021-01-26 16:30:44,269:INFO:create_model_container: 1
2021-01-26 16:30:44,269:INFO:master_model_container: 1
2021-01-26 16:30:44,269:INFO:display_container: 2
2021-01-26 16:30:44,270:INFO:LogisticRegression(C=1.0, class_weight=None, dual=False, fit_intercept=True,
                   intercept_scaling=1, l1_ratio=None, max_iter=1000,
                   multi_class='auto', n_jobs=None, penalty='l2',
                   random_state=8781, solver='lbfgs', tol=0.0001, verbose=0,
                   warm_start=False)
2021-01-26 16:30:44,270:INFO:create_model() succesfully completed......................................
2021-01-26 16:30:44,340:INFO:Initializing plot_model()
2021-01-26 16:30:44,340:INFO:plot_model(plot=auc, fold=None, use_train_data=False, verbose=True, display=None, estimator=LogisticRegression(C=1.0, class_weight=None, dual=False, fit_intercept=True,
                   intercept_scaling=1, l1_ratio=None, max_iter=1000,
                   multi_class='auto', n_jobs=None, penalty='l2',
                   random_state=8781, solver='lbfgs', tol=0.0001, verbose=0,
                   warm_start=False), feature_name=None, fit_kwargs=None, groups=None, label=False, save=False, scale=1, system=True)
2021-01-26 16:30:44,340:INFO:Checking exceptions
2021-01-26 16:30:44,340:INFO:Preparing display monitor
2021-01-26 16:30:44,343:INFO:Preloading libraries
2021-01-26 16:30:44,344:INFO:Copying training dataset
2021-01-26 16:30:44,344:INFO:Copying test dataset
2021-01-26 16:30:44,344:INFO:Plot type: auc
2021-01-26 16:30:44,476:INFO:Fitting Model
2021-01-26 16:30:44,477:INFO:Scoring test/hold-out set
2021-01-26 16:31:14,823:INFO:Visual Rendered Successfully
2021-01-26 16:31:14,895:INFO:plot_model() succesfully completed......................................
2021-01-26 16:31:21,944:INFO:PyCaret Supervised Module
2021-01-26 16:31:21,944:INFO:ML Usecase: classification
2021-01-26 16:31:21,944:INFO:version 2.2.3
2021-01-26 16:31:21,945:INFO:Initializing setup()
2021-01-26 16:31:21,945:INFO:setup(target=index, ml_usecase=classification, available_plots={'parameter': 'Hyperparameters', 'auc': 'AUC', 'confusion_matrix': 'Confusion Matrix', 'threshold': 'Threshold', 'pr': 'Precision Recall', 'error': 'Prediction Error', 'class_report': 'Class Report', 'rfe': 'Feature Selection', 'learning': 'Learning Curve', 'manifold': 'Manifold Learning', 'calibration': 'Calibration Curve', 'vc': 'Validation Curve', 'dimension': 'Dimensions', 'feature': 'Feature Importance', 'feature_all': 'Feature Importance (All)', 'boundary': 'Decision Boundary', 'lift': 'Lift Chart', 'gain': 'Gain Chart', 'tree': 'Decision Tree'}, train_size=0.7, test_data=None, preprocess=True, imputation_type=simple, iterative_imputation_iters=5, categorical_features=None, categorical_imputation=constant, categorical_iterative_imputer=lightgbm, ordinal_features=None, high_cardinality_features=None, high_cardinality_method=frequency, numeric_features=None, numeric_imputation=mean, numeric_iterative_imputer=lightgbm, date_features=None, ignore_features=None, normalize=False, normalize_method=zscore, transformation=False, transformation_method=yeo-johnson, handle_unknown_categorical=True, unknown_categorical_method=least_frequent, pca=False, pca_method=linear, pca_components=None, ignore_low_variance=False, combine_rare_levels=False, rare_level_threshold=0.1, bin_numeric_features=None, remove_outliers=False, outliers_threshold=0.05, remove_multicollinearity=False, multicollinearity_threshold=0.9, remove_perfect_collinearity=True, create_clusters=False, cluster_iter=20, polynomial_features=False, polynomial_degree=2, trigonometry_features=False, polynomial_threshold=0.1, group_features=None, group_names=None, feature_selection=False, feature_selection_threshold=0.8, feature_selection_method=classic, feature_interaction=False, feature_ratio=False, interaction_threshold=0.01, fix_imbalance=False, fix_imbalance_method=None, transform_target=False, transform_target_method=box-cox, data_split_shuffle=True, data_split_stratify=False, fold_strategy=stratifiedkfold, fold=10, fold_shuffle=False, fold_groups=None, n_jobs=-1, use_gpu=False, custom_pipeline=None, html=True, session_id=None, log_experiment=False, experiment_name=None, log_plots=False, log_profile=False, log_data=False, silent=False, verbose=True, profile=False, profile_kwargs=None, display=None)
2021-01-26 16:31:21,945:INFO:Checking environment
2021-01-26 16:31:21,945:INFO:python_version: 3.8.5
2021-01-26 16:31:21,945:INFO:python_build: ('default', 'Jul 28 2020 12:59:40')
2021-01-26 16:31:21,945:INFO:machine: x86_64
2021-01-26 16:31:21,952:INFO:platform: Linux-5.8.0-7630-generic-x86_64-with-glibc2.29
2021-01-26 16:31:21,952:INFO:Memory: svmem(total=12337483776, available=7831449600, percent=36.5, used=3603484672, free=5461516288, active=4400926720, inactive=1535983616, buffers=180043776, cached=3092439040, shared=661295104, slab=347443200)
2021-01-26 16:31:21,953:INFO:Physical Core: 4
2021-01-26 16:31:21,953:INFO:Logical Core: 8
2021-01-26 16:31:21,953:INFO:Checking libraries
2021-01-26 16:31:21,953:INFO:pd==1.2.0
2021-01-26 16:31:21,953:INFO:numpy==1.19.5
2021-01-26 16:31:21,953:INFO:sklearn==0.23.2
2021-01-26 16:31:21,960:INFO:xgboost==1.3.3
2021-01-26 16:31:21,960:INFO:lightgbm==3.1.1
2021-01-26 16:31:21,968:INFO:catboost==0.24.4
2021-01-26 16:31:22,222:INFO:mlflow==1.13.1
2021-01-26 16:31:22,222:INFO:Checking Exceptions
2021-01-26 16:31:22,223:INFO:Declaring global variables
2021-01-26 16:31:22,223:INFO:USI: 2298
2021-01-26 16:31:22,223:INFO:pycaret_globals: {'_gpu_n_jobs_param', 'y_test', 'USI', 'gpu_param', '_internal_pipeline', 'imputation_classifier', 'X_test', '_all_metrics', 'imputation_regressor', 'fold_generator', 'master_model_container', 'pycaret_globals', 'y', '_available_plots', 'y_train', 'X_train', 'fold_param', 'display_container', 'exp_name_log', 'X', 'logging_param', 'target_param', 'create_model_container', 'fold_groups_param', 'data_before_preprocess', 'seed', 'transform_target_param', 'iterative_imputation_iters_param', 'fix_imbalance_param', 'html_param', 'fix_imbalance_method_param', 'log_plots_param', '_all_models', 'fold_shuffle_param', 'prep_pipe', 'stratify_param', 'experiment__', 'transform_target_method_param', '_all_models_internal', '_ml_usecase', 'n_jobs_param'}
2021-01-26 16:31:22,223:INFO:Preparing display monitor
2021-01-26 16:31:22,223:INFO:Preparing display monitor
2021-01-26 16:31:22,230:INFO:Importing libraries
2021-01-26 16:31:22,230:INFO:Copying data for preprocessing
2021-01-26 16:31:22,233:INFO:Declaring preprocessing parameters
2021-01-26 16:31:22,234:INFO:Creating preprocessing pipeline
2021-01-26 16:31:22,237:INFO:Preprocessing pipeline created successfully
2021-01-26 16:31:22,238:ERROR:(Process Exit): setup has been interupted with user command 'quit'. setup must rerun.
2021-01-26 16:31:22,238:INFO:Creating global containers
2021-01-26 16:31:22,239:INFO:Internal pipeline: Pipeline(memory=None, steps=[('empty_step', 'passthrough')], verbose=False)
2021-01-26 16:31:25,163:INFO:Creating grid variables
2021-01-26 16:31:25,165:INFO:create_model_container: 0
2021-01-26 16:31:25,165:INFO:master_model_container: 0
2021-01-26 16:31:25,165:INFO:display_container: 1
2021-01-26 16:31:25,169:INFO:Pipeline(memory=None,
         steps=[('dtypes',
                 DataTypes_Auto_infer(categorical_features=[],
                                      display_types=True, features_todrop=[],
                                      id_columns=[],
                                      ml_usecase='classification',
                                      numerical_features=[], target='index',
                                      time_features=[])),
                ('imputer',
                 Simple_Imputer(categorical_strategy='not_available',
                                fill_value_categorical=None,
                                fill_value_numerical=None,
                                numeric_strate...
                ('scaling', 'passthrough'), ('P_transform', 'passthrough'),
                ('binn', 'passthrough'), ('rem_outliers', 'passthrough'),
                ('cluster_all', 'passthrough'),
                ('dummy', Dummify(target='index')),
                ('fix_perfect', Remove_100(target='index')),
                ('clean_names', Clean_Colum_Names()),
                ('feature_select', 'passthrough'), ('fix_multi', 'passthrough'),
                ('dfs', 'passthrough'), ('pca', 'passthrough')],
         verbose=False)
2021-01-26 16:31:25,169:INFO:setup() succesfully completed......................................
2021-01-26 16:31:25,229:INFO:Initializing create_model()
2021-01-26 16:31:25,229:INFO:create_model(estimator=lr, fold=None, round=4, cross_validation=True, predict=True, fit_kwargs=None, groups=None, refit=True, verbose=True, system=True, metrics=None, display=None, kwargs={})
2021-01-26 16:31:25,229:INFO:Checking exceptions
2021-01-26 16:31:25,229:INFO:Preparing display monitor
2021-01-26 16:31:25,238:INFO:Importing libraries
2021-01-26 16:31:25,238:INFO:Copying training dataset
2021-01-26 16:31:25,239:INFO:Defining folds
2021-01-26 16:31:25,239:INFO:Declaring metric variables
2021-01-26 16:31:25,247:INFO:Importing untrained model
2021-01-26 16:31:25,254:INFO:Logistic Regression Imported succesfully
2021-01-26 16:31:25,268:INFO:Starting cross validation
2021-01-26 16:31:25,268:INFO:Cross validating with StratifiedKFold(n_splits=10, random_state=3857, shuffle=False), n_jobs=-1
2021-01-26 16:31:27,535:INFO:Calculating mean and std
2021-01-26 16:31:27,537:INFO:Creating metrics dataframe
2021-01-26 16:31:27,569:INFO:Finalizing model
2021-01-26 16:31:27,583:INFO:Uploading results into container
2021-01-26 16:31:27,583:INFO:Uploading model into container now
2021-01-26 16:31:27,583:INFO:create_model_container: 1
2021-01-26 16:31:27,583:INFO:master_model_container: 1
2021-01-26 16:31:27,583:INFO:display_container: 2
2021-01-26 16:31:27,583:INFO:LogisticRegression(C=1.0, class_weight=None, dual=False, fit_intercept=True,
                   intercept_scaling=1, l1_ratio=None, max_iter=1000,
                   multi_class='auto', n_jobs=None, penalty='l2',
                   random_state=3857, solver='lbfgs', tol=0.0001, verbose=0,
                   warm_start=False)
2021-01-26 16:31:27,583:INFO:create_model() succesfully completed......................................
2021-01-26 16:31:27,651:INFO:Initializing plot_model()
2021-01-26 16:31:27,651:INFO:plot_model(plot=auc, fold=None, use_train_data=False, verbose=True, display=None, estimator=LogisticRegression(C=1.0, class_weight=None, dual=False, fit_intercept=True,
                   intercept_scaling=1, l1_ratio=None, max_iter=1000,
                   multi_class='auto', n_jobs=None, penalty='l2',
                   random_state=3857, solver='lbfgs', tol=0.0001, verbose=0,
                   warm_start=False), feature_name=None, fit_kwargs=None, groups=None, label=False, save=False, scale=1, system=True)
2021-01-26 16:31:27,651:INFO:Checking exceptions
2021-01-26 16:31:27,652:INFO:Preparing display monitor
2021-01-26 16:31:27,655:INFO:Preloading libraries
2021-01-26 16:31:27,655:INFO:Copying training dataset
2021-01-26 16:31:27,656:INFO:Copying test dataset
2021-01-26 16:31:27,656:INFO:Plot type: auc
2021-01-26 16:31:27,787:INFO:Fitting Model
2021-01-26 16:31:27,788:INFO:Scoring test/hold-out set
2021-01-26 16:31:40,627:INFO:Visual Rendered Successfully
2021-01-26 16:31:40,697:INFO:plot_model() succesfully completed......................................
2021-01-26 16:31:46,209:INFO:PyCaret Supervised Module
2021-01-26 16:31:46,209:INFO:ML Usecase: classification
2021-01-26 16:31:46,209:INFO:version 2.2.3
2021-01-26 16:31:46,209:INFO:Initializing setup()
2021-01-26 16:31:46,209:INFO:setup(target=index, ml_usecase=classification, available_plots={'parameter': 'Hyperparameters', 'auc': 'AUC', 'confusion_matrix': 'Confusion Matrix', 'threshold': 'Threshold', 'pr': 'Precision Recall', 'error': 'Prediction Error', 'class_report': 'Class Report', 'rfe': 'Feature Selection', 'learning': 'Learning Curve', 'manifold': 'Manifold Learning', 'calibration': 'Calibration Curve', 'vc': 'Validation Curve', 'dimension': 'Dimensions', 'feature': 'Feature Importance', 'feature_all': 'Feature Importance (All)', 'boundary': 'Decision Boundary', 'lift': 'Lift Chart', 'gain': 'Gain Chart', 'tree': 'Decision Tree'}, train_size=0.7, test_data=None, preprocess=True, imputation_type=simple, iterative_imputation_iters=5, categorical_features=None, categorical_imputation=constant, categorical_iterative_imputer=lightgbm, ordinal_features=None, high_cardinality_features=None, high_cardinality_method=frequency, numeric_features=None, numeric_imputation=mean, numeric_iterative_imputer=lightgbm, date_features=None, ignore_features=None, normalize=False, normalize_method=zscore, transformation=False, transformation_method=yeo-johnson, handle_unknown_categorical=True, unknown_categorical_method=least_frequent, pca=False, pca_method=linear, pca_components=None, ignore_low_variance=False, combine_rare_levels=False, rare_level_threshold=0.1, bin_numeric_features=None, remove_outliers=False, outliers_threshold=0.05, remove_multicollinearity=False, multicollinearity_threshold=0.9, remove_perfect_collinearity=True, create_clusters=False, cluster_iter=20, polynomial_features=False, polynomial_degree=2, trigonometry_features=False, polynomial_threshold=0.1, group_features=None, group_names=None, feature_selection=False, feature_selection_threshold=0.8, feature_selection_method=classic, feature_interaction=False, feature_ratio=False, interaction_threshold=0.01, fix_imbalance=False, fix_imbalance_method=None, transform_target=False, transform_target_method=box-cox, data_split_shuffle=True, data_split_stratify=False, fold_strategy=stratifiedkfold, fold=10, fold_shuffle=False, fold_groups=None, n_jobs=-1, use_gpu=False, custom_pipeline=None, html=True, session_id=None, log_experiment=False, experiment_name=None, log_plots=False, log_profile=False, log_data=False, silent=False, verbose=True, profile=False, profile_kwargs=None, display=None)
2021-01-26 16:31:46,209:INFO:Checking environment
2021-01-26 16:31:46,209:INFO:python_version: 3.8.5
2021-01-26 16:31:46,209:INFO:python_build: ('default', 'Jul 28 2020 12:59:40')
2021-01-26 16:31:46,209:INFO:machine: x86_64
2021-01-26 16:31:46,219:INFO:platform: Linux-5.8.0-7630-generic-x86_64-with-glibc2.29
2021-01-26 16:31:46,219:INFO:Memory: svmem(total=12337483776, available=7826849792, percent=36.6, used=3603582976, free=5453459456, active=4400107520, inactive=1538981888, buffers=180158464, cached=3100282880, shared=669163520, slab=347549696)
2021-01-26 16:31:46,220:INFO:Physical Core: 4
2021-01-26 16:31:46,220:INFO:Logical Core: 8
2021-01-26 16:31:46,220:INFO:Checking libraries
2021-01-26 16:31:46,220:INFO:pd==1.2.0
2021-01-26 16:31:46,220:INFO:numpy==1.19.5
2021-01-26 16:31:46,220:INFO:sklearn==0.23.2
2021-01-26 16:31:46,227:INFO:xgboost==1.3.3
2021-01-26 16:31:46,227:INFO:lightgbm==3.1.1
2021-01-26 16:31:46,236:INFO:catboost==0.24.4
2021-01-26 16:31:46,482:INFO:mlflow==1.13.1
2021-01-26 16:31:46,483:INFO:Checking Exceptions
2021-01-26 16:31:46,483:INFO:Declaring global variables
2021-01-26 16:31:46,483:INFO:USI: abfd
2021-01-26 16:31:46,483:INFO:pycaret_globals: {'y', '_available_plots', 'master_model_container', 'iterative_imputation_iters_param', 'pycaret_globals', 'gpu_param', 'fix_imbalance_method_param', 'X_train', '_all_models_internal', 'data_before_preprocess', 'create_model_container', 'display_container', 'USI', '_all_models', 'n_jobs_param', 'fold_shuffle_param', 'transform_target_param', 'target_param', '_gpu_n_jobs_param', 'stratify_param', 'transform_target_method_param', 'y_train', '_internal_pipeline', 'logging_param', 'fold_param', 'experiment__', 'X', 'log_plots_param', 'html_param', '_ml_usecase', 'fix_imbalance_param', 'exp_name_log', 'fold_generator', 'fold_groups_param', 'y_test', 'X_test', 'prep_pipe', '_all_metrics', 'imputation_regressor', 'seed', 'imputation_classifier'}
2021-01-26 16:31:46,483:INFO:Preparing display monitor
2021-01-26 16:31:46,483:INFO:Preparing display monitor
2021-01-26 16:31:46,490:INFO:Importing libraries
2021-01-26 16:31:46,490:INFO:Copying data for preprocessing
2021-01-26 16:31:46,492:INFO:Declaring preprocessing parameters
2021-01-26 16:31:46,494:INFO:Creating preprocessing pipeline
2021-01-26 16:31:46,496:INFO:Preprocessing pipeline created successfully
2021-01-26 16:31:46,496:ERROR:(Process Exit): setup has been interupted with user command 'quit'. setup must rerun.
2021-01-26 16:31:46,496:INFO:Creating global containers
2021-01-26 16:31:46,497:INFO:Internal pipeline: Pipeline(memory=None, steps=[('empty_step', 'passthrough')], verbose=False)
2021-01-26 16:31:49,320:INFO:Creating grid variables
2021-01-26 16:31:49,322:INFO:create_model_container: 0
2021-01-26 16:31:49,322:INFO:master_model_container: 0
2021-01-26 16:31:49,322:INFO:display_container: 1
2021-01-26 16:31:49,327:INFO:Pipeline(memory=None,
         steps=[('dtypes',
                 DataTypes_Auto_infer(categorical_features=[],
                                      display_types=True, features_todrop=[],
                                      id_columns=[],
                                      ml_usecase='classification',
                                      numerical_features=[], target='index',
                                      time_features=[])),
                ('imputer',
                 Simple_Imputer(categorical_strategy='not_available',
                                fill_value_categorical=None,
                                fill_value_numerical=None,
                                numeric_strate...
                ('scaling', 'passthrough'), ('P_transform', 'passthrough'),
                ('binn', 'passthrough'), ('rem_outliers', 'passthrough'),
                ('cluster_all', 'passthrough'),
                ('dummy', Dummify(target='index')),
                ('fix_perfect', Remove_100(target='index')),
                ('clean_names', Clean_Colum_Names()),
                ('feature_select', 'passthrough'), ('fix_multi', 'passthrough'),
                ('dfs', 'passthrough'), ('pca', 'passthrough')],
         verbose=False)
2021-01-26 16:31:49,327:INFO:setup() succesfully completed......................................
2021-01-26 16:31:49,385:INFO:Initializing create_model()
2021-01-26 16:31:49,385:INFO:create_model(estimator=lr, fold=None, round=4, cross_validation=True, predict=True, fit_kwargs=None, groups=None, refit=True, verbose=True, system=True, metrics=None, display=None, kwargs={})
2021-01-26 16:31:49,385:INFO:Checking exceptions
2021-01-26 16:31:49,385:INFO:Preparing display monitor
2021-01-26 16:31:49,394:INFO:Importing libraries
2021-01-26 16:31:49,394:INFO:Copying training dataset
2021-01-26 16:31:49,395:INFO:Defining folds
2021-01-26 16:31:49,395:INFO:Declaring metric variables
2021-01-26 16:31:49,401:INFO:Importing untrained model
2021-01-26 16:31:49,409:INFO:Logistic Regression Imported succesfully
2021-01-26 16:31:49,423:INFO:Starting cross validation
2021-01-26 16:31:49,423:INFO:Cross validating with StratifiedKFold(n_splits=10, random_state=5049, shuffle=False), n_jobs=-1
2021-01-26 16:31:51,745:INFO:Calculating mean and std
2021-01-26 16:31:51,746:INFO:Creating metrics dataframe
2021-01-26 16:31:51,767:INFO:Finalizing model
2021-01-26 16:31:51,776:INFO:Uploading results into container
2021-01-26 16:31:51,776:INFO:Uploading model into container now
2021-01-26 16:31:51,776:INFO:create_model_container: 1
2021-01-26 16:31:51,776:INFO:master_model_container: 1
2021-01-26 16:31:51,776:INFO:display_container: 2
2021-01-26 16:31:51,777:INFO:LogisticRegression(C=1.0, class_weight=None, dual=False, fit_intercept=True,
                   intercept_scaling=1, l1_ratio=None, max_iter=1000,
                   multi_class='auto', n_jobs=None, penalty='l2',
                   random_state=5049, solver='lbfgs', tol=0.0001, verbose=0,
                   warm_start=False)
2021-01-26 16:31:51,777:INFO:create_model() succesfully completed......................................
2021-01-26 16:31:51,848:INFO:Initializing plot_model()
2021-01-26 16:31:51,848:INFO:plot_model(plot=auc, fold=None, use_train_data=False, verbose=True, display=None, estimator=LogisticRegression(C=1.0, class_weight=None, dual=False, fit_intercept=True,
                   intercept_scaling=1, l1_ratio=None, max_iter=1000,
                   multi_class='auto', n_jobs=None, penalty='l2',
                   random_state=5049, solver='lbfgs', tol=0.0001, verbose=0,
                   warm_start=False), feature_name=None, fit_kwargs=None, groups=None, label=False, save=False, scale=1, system=True)
2021-01-26 16:31:51,848:INFO:Checking exceptions
2021-01-26 16:31:51,849:INFO:Preparing display monitor
2021-01-26 16:31:51,852:INFO:Preloading libraries
2021-01-26 16:31:51,852:INFO:Copying training dataset
2021-01-26 16:31:51,853:INFO:Copying test dataset
2021-01-26 16:31:51,853:INFO:Plot type: auc
2021-01-26 16:31:51,986:INFO:Fitting Model
2021-01-26 16:31:51,987:INFO:Scoring test/hold-out set
2021-01-26 16:32:02,825:INFO:Visual Rendered Successfully
2021-01-26 16:32:02,897:INFO:plot_model() succesfully completed......................................
2021-02-20 11:23:57,027:INFO:PyCaret Supervised Module
2021-02-20 11:23:57,098:INFO:ML Usecase: classification
2021-02-20 11:23:57,098:INFO:version 2.2.3
2021-02-20 11:23:57,098:INFO:Initializing setup()
2021-02-20 11:23:57,099:INFO:setup(target=index, ml_usecase=classification, available_plots={'parameter': 'Hyperparameters', 'auc': 'AUC', 'confusion_matrix': 'Confusion Matrix', 'threshold': 'Threshold', 'pr': 'Precision Recall', 'error': 'Prediction Error', 'class_report': 'Class Report', 'rfe': 'Feature Selection', 'learning': 'Learning Curve', 'manifold': 'Manifold Learning', 'calibration': 'Calibration Curve', 'vc': 'Validation Curve', 'dimension': 'Dimensions', 'feature': 'Feature Importance', 'feature_all': 'Feature Importance (All)', 'boundary': 'Decision Boundary', 'lift': 'Lift Chart', 'gain': 'Gain Chart', 'tree': 'Decision Tree'}, train_size=0.7, test_data=None, preprocess=True, imputation_type=simple, iterative_imputation_iters=5, categorical_features=None, categorical_imputation=constant, categorical_iterative_imputer=lightgbm, ordinal_features=None, high_cardinality_features=None, high_cardinality_method=frequency, numeric_features=None, numeric_imputation=mean, numeric_iterative_imputer=lightgbm, date_features=None, ignore_features=None, normalize=False, normalize_method=zscore, transformation=False, transformation_method=yeo-johnson, handle_unknown_categorical=True, unknown_categorical_method=least_frequent, pca=False, pca_method=linear, pca_components=None, ignore_low_variance=False, combine_rare_levels=False, rare_level_threshold=0.1, bin_numeric_features=None, remove_outliers=False, outliers_threshold=0.05, remove_multicollinearity=False, multicollinearity_threshold=0.9, remove_perfect_collinearity=True, create_clusters=False, cluster_iter=20, polynomial_features=False, polynomial_degree=2, trigonometry_features=False, polynomial_threshold=0.1, group_features=None, group_names=None, feature_selection=False, feature_selection_threshold=0.8, feature_selection_method=classic, feature_interaction=False, feature_ratio=False, interaction_threshold=0.01, fix_imbalance=False, fix_imbalance_method=None, transform_target=False, transform_target_method=box-cox, data_split_shuffle=True, data_split_stratify=False, fold_strategy=stratifiedkfold, fold=10, fold_shuffle=False, fold_groups=None, n_jobs=-1, use_gpu=False, custom_pipeline=None, html=True, session_id=None, log_experiment=False, experiment_name=None, log_plots=False, log_profile=False, log_data=False, silent=False, verbose=True, profile=False, profile_kwargs=None, display=None)
2021-02-20 11:23:57,099:INFO:Checking environment
2021-02-20 11:23:57,099:INFO:python_version: 3.8.1
2021-02-20 11:23:57,099:INFO:python_build: ('tags/v3.8.1:1b293b6', 'Dec 18 2019 23:11:46')
2021-02-20 11:23:57,099:INFO:machine: AMD64
2021-02-20 11:23:57,099:INFO:platform: Windows-10-10.0.19041-SP0
2021-02-20 11:23:57,100:WARNING:cannot find psutil installation. memory not traceable. Install psutil using pip to enable memory logging.
2021-02-20 11:23:57,100:INFO:Checking libraries
2021-02-20 11:23:57,100:INFO:pd==1.1.4
2021-02-20 11:23:57,100:INFO:numpy==1.19.3
2021-02-20 11:23:57,100:INFO:sklearn==0.23.2
2021-02-20 11:23:57,174:INFO:xgboost==1.3.3
2021-02-20 11:23:57,174:INFO:lightgbm==3.1.1
2021-02-20 11:23:59,575:INFO:catboost==0.24.4
2021-02-20 11:24:00,180:INFO:mlflow==1.14.0
2021-02-20 11:24:00,180:INFO:Checking Exceptions
2021-02-20 11:24:00,181:INFO:Declaring global variables
2021-02-20 11:24:00,181:INFO:USI: 6250
2021-02-20 11:24:00,181:INFO:pycaret_globals: {'fold_groups_param', 'imputation_regressor', '_internal_pipeline', 'fix_imbalance_method_param', 'master_model_container', 'pycaret_globals', 'n_jobs_param', '_gpu_n_jobs_param', '_all_models', 'html_param', 'iterative_imputation_iters_param', 'exp_name_log', 'create_model_container', 'fold_generator', 'gpu_param', 'fold_param', 'y_train', 'fix_imbalance_param', 'X', '_available_plots', 'USI', 'data_before_preprocess', '_all_models_internal', 'target_param', 'y_test', 'log_plots_param', 'X_test', '_all_metrics', 'imputation_classifier', 'stratify_param', 'transform_target_param', '_ml_usecase', 'y', 'X_train', 'seed', 'display_container', 'prep_pipe', 'transform_target_method_param', 'experiment__', 'fold_shuffle_param', 'logging_param'}
2021-02-20 11:24:00,181:INFO:Preparing display monitor
2021-02-20 11:24:00,181:INFO:Preparing display monitor
2021-02-20 11:24:00,191:INFO:Importing libraries
2021-02-20 11:24:00,191:INFO:Copying data for preprocessing
2021-02-20 11:24:00,204:INFO:Declaring preprocessing parameters
2021-02-20 11:24:00,205:INFO:Creating preprocessing pipeline
2021-02-20 11:24:00,207:INFO:Preprocessing pipeline created successfully
2021-02-20 11:24:00,208:ERROR:(Process Exit): setup has been interupted with user command 'quit'. setup must rerun.
2021-02-20 11:24:00,208:INFO:Creating global containers
2021-02-20 11:24:00,209:INFO:Internal pipeline: Pipeline(memory=None, steps=[('empty_step', 'passthrough')], verbose=False)
2021-02-20 11:24:20,162:INFO:Creating grid variables
2021-02-20 11:24:20,165:INFO:create_model_container: 0
2021-02-20 11:24:20,165:INFO:master_model_container: 0
2021-02-20 11:24:20,165:INFO:display_container: 1
2021-02-20 11:24:20,170:INFO:Pipeline(memory=None,
         steps=[('dtypes',
                 DataTypes_Auto_infer(categorical_features=[],
                                      display_types=True, features_todrop=[],
                                      id_columns=[],
                                      ml_usecase='classification',
                                      numerical_features=[], target='index',
                                      time_features=[])),
                ('imputer',
                 Simple_Imputer(categorical_strategy='not_available',
                                fill_value_categorical=None,
                                fill_value_numerical=None,
                                numeric_strate...
                ('scaling', 'passthrough'), ('P_transform', 'passthrough'),
                ('binn', 'passthrough'), ('rem_outliers', 'passthrough'),
                ('cluster_all', 'passthrough'),
                ('dummy', Dummify(target='index')),
                ('fix_perfect', Remove_100(target='index')),
                ('clean_names', Clean_Colum_Names()),
                ('feature_select', 'passthrough'), ('fix_multi', 'passthrough'),
                ('dfs', 'passthrough'), ('pca', 'passthrough')],
         verbose=False)
2021-02-20 11:24:20,170:INFO:setup() succesfully completed......................................
2021-02-20 11:24:20,244:INFO:Initializing create_model()
2021-02-20 11:24:20,244:INFO:create_model(estimator=lr, fold=None, round=4, cross_validation=True, predict=True, fit_kwargs=None, groups=None, refit=True, verbose=True, system=True, metrics=None, display=None, kwargs={})
2021-02-20 11:24:20,244:INFO:Checking exceptions
2021-02-20 11:24:20,244:INFO:Preparing display monitor
2021-02-20 11:24:20,273:INFO:Importing libraries
2021-02-20 11:24:20,274:INFO:Copying training dataset
2021-02-20 11:24:20,274:INFO:Defining folds
2021-02-20 11:24:20,274:INFO:Declaring metric variables
2021-02-20 11:24:20,288:INFO:Importing untrained model
2021-02-20 11:24:20,304:INFO:Logistic Regression Imported succesfully
2021-02-20 11:24:20,332:INFO:Starting cross validation
2021-02-20 11:24:20,332:INFO:Cross validating with StratifiedKFold(n_splits=10, random_state=3242, shuffle=False), n_jobs=-1
2021-02-20 11:24:23,305:INFO:Calculating mean and std
2021-02-20 11:24:23,306:INFO:Creating metrics dataframe
2021-02-20 11:24:23,327:INFO:Finalizing model
2021-02-20 11:24:23,335:INFO:Uploading results into container
2021-02-20 11:24:23,336:INFO:Uploading model into container now
2021-02-20 11:24:23,343:INFO:create_model_container: 1
2021-02-20 11:24:23,343:INFO:master_model_container: 1
2021-02-20 11:24:23,343:INFO:display_container: 2
2021-02-20 11:24:23,345:INFO:LogisticRegression(C=1.0, class_weight=None, dual=False, fit_intercept=True,
                   intercept_scaling=1, l1_ratio=None, max_iter=1000,
                   multi_class='auto', n_jobs=None, penalty='l2',
                   random_state=3242, solver='lbfgs', tol=0.0001, verbose=0,
                   warm_start=False)
2021-02-20 11:24:23,345:INFO:create_model() succesfully completed......................................
2021-02-20 11:24:23,419:INFO:Initializing plot_model()
2021-02-20 11:24:23,419:INFO:plot_model(plot=auc, fold=None, use_train_data=False, verbose=True, display=None, estimator=LogisticRegression(C=1.0, class_weight=None, dual=False, fit_intercept=True,
                   intercept_scaling=1, l1_ratio=None, max_iter=1000,
                   multi_class='auto', n_jobs=None, penalty='l2',
                   random_state=3242, solver='lbfgs', tol=0.0001, verbose=0,
                   warm_start=False), feature_name=None, fit_kwargs=None, groups=None, label=False, save=False, scale=1, system=True)
2021-02-20 11:24:23,419:INFO:Checking exceptions
2021-02-20 11:24:23,420:INFO:Preparing display monitor
2021-02-20 11:24:23,425:INFO:Preloading libraries
2021-02-20 11:24:23,425:INFO:Copying training dataset
2021-02-20 11:24:23,425:INFO:Copying test dataset
2021-02-20 11:24:23,425:INFO:Plot type: auc
2021-02-20 11:24:23,767:INFO:Fitting Model
2021-02-20 11:24:23,767:INFO:Scoring test/hold-out set
